     1 00000000                                 [FORMAT "WCOFF"]
     2 00000000                                 [INSTRSET "i486p"]
     3 00000000                                 [OPTIMIZE 1]
     4 00000000                                 [OPTION 1]
     5 00000000                                 [BITS 32]
     6 00000000                                 	EXTERN	_font_A.0
     7 00000000                                 	EXTERN	_io_hlt
     8 00000000                                 	EXTERN	_io_load_eflags
     9 00000000                                 	EXTERN	_io_cli
    10 00000000                                 	EXTERN	_io_out8
    11 00000000                                 	EXTERN	_io_store_eflags
    12 00000000                                 [FILE "bootpack.c"]
    13                                          [SECTION .data]
    14 00000000                                 _font_A.0:
    15 00000000 00                              	DB	0
    16 00000001 18                              	DB	24
    17 00000002 18                              	DB	24
    18 00000003 18                              	DB	24
    19 00000004 18                              	DB	24
    20 00000005 24                              	DB	36
    21 00000006 24                              	DB	36
    22 00000007 24                              	DB	36
    23 00000008 24                              	DB	36
    24 00000009 7E                              	DB	126
    25 0000000A 42                              	DB	66
    26 0000000B 42                              	DB	66
    27 0000000C 42                              	DB	66
    28 0000000D E7                              	DB	-25
    29 0000000E 00                              	DB	0
    30 0000000F 00                              	DB	0
    31                                          [SECTION .text]
    32 00000000                                 	GLOBAL	_HariMain
    33 00000000                                 _HariMain:
    34 00000000 55                              	PUSH	EBP
    35 00000001 89 E5                           	MOV	EBP,ESP
    36 00000003 E8 00000043                     	CALL	_init_palette
    37 00000008 0F BF 05 00000FF6               	MOVSX	EAX,WORD [4086]
    38 0000000F 50                              	PUSH	EAX
    39 00000010 0F BF 05 00000FF4               	MOVSX	EAX,WORD [4084]
    40 00000017 50                              	PUSH	EAX
    41 00000018 FF 35 00000FF8                  	PUSH	DWORD [4088]
    42 0000001E E8 00000112                     	CALL	_init_screen
    43 00000023 68 [00000000]                   	PUSH	_font_A.0
    44 00000028 6A 07                           	PUSH	7
    45 0000002A 6A 0A                           	PUSH	10
    46 0000002C 6A 0A                           	PUSH	10
    47 0000002E 0F BF 05 00000FF4               	MOVSX	EAX,WORD [4084]
    48 00000035 50                              	PUSH	EAX
    49 00000036 FF 35 00000FF8                  	PUSH	DWORD [4088]
    50 0000003C E8 0000027F                     	CALL	_putfont8
    51 00000041 83 C4 24                        	ADD	ESP,36
    52 00000044                                 L2:
    53 00000044 E8 [00000000]                   	CALL	_io_hlt
    54 00000049 EB F9                           	JMP	L2
    55                                          [SECTION .data]
    56 00000010                                 _table_rgb.1:
    57 00000010 00                              	DB	0
    58 00000011 00                              	DB	0
    59 00000012 00                              	DB	0
    60 00000013 FF                              	DB	-1
    61 00000014 00                              	DB	0
    62 00000015 00                              	DB	0
    63 00000016 00                              	DB	0
    64 00000017 FF                              	DB	-1
    65 00000018 00                              	DB	0
    66 00000019 FF                              	DB	-1
    67 0000001A FF                              	DB	-1
    68 0000001B 00                              	DB	0
    69 0000001C 00                              	DB	0
    70 0000001D 00                              	DB	0
    71 0000001E FF                              	DB	-1
    72 0000001F FF                              	DB	-1
    73 00000020 00                              	DB	0
    74 00000021 FF                              	DB	-1
    75 00000022 00                              	DB	0
    76 00000023 FF                              	DB	-1
    77 00000024 FF                              	DB	-1
    78 00000025 FF                              	DB	-1
    79 00000026 FF                              	DB	-1
    80 00000027 FF                              	DB	-1
    81 00000028 C6                              	DB	-58
    82 00000029 C6                              	DB	-58
    83 0000002A C6                              	DB	-58
    84 0000002B 84                              	DB	-124
    85 0000002C 00                              	DB	0
    86 0000002D 00                              	DB	0
    87 0000002E 00                              	DB	0
    88 0000002F 84                              	DB	-124
    89 00000030 00                              	DB	0
    90 00000031 84                              	DB	-124
    91 00000032 84                              	DB	-124
    92 00000033 00                              	DB	0
    93 00000034 00                              	DB	0
    94 00000035 00                              	DB	0
    95 00000036 84                              	DB	-124
    96 00000037 84                              	DB	-124
    97 00000038 00                              	DB	0
    98 00000039 84                              	DB	-124
    99 0000003A 00                              	DB	0
   100 0000003B 84                              	DB	-124
   101 0000003C 84                              	DB	-124
   102 0000003D 84                              	DB	-124
   103 0000003E 84                              	DB	-124
   104 0000003F 84                              	DB	-124
   105                                          [SECTION .text]
   106 0000004B                                 	GLOBAL	_init_palette
   107 0000004B                                 _init_palette:
   108 0000004B 55                              	PUSH	EBP
   109 0000004C 89 E5                           	MOV	EBP,ESP
   110 0000004E 68 [00000010]                   	PUSH	_table_rgb.1
   111 00000053 6A 0F                           	PUSH	15
   112 00000055 6A 00                           	PUSH	0
   113 00000057 E8 00000002                     	CALL	_set_palette
   114 0000005C C9                              	LEAVE
   115 0000005D C3                              	RET
   116 0000005E                                 	GLOBAL	_set_palette
   117 0000005E                                 _set_palette:
   118 0000005E 55                              	PUSH	EBP
   119 0000005F 89 E5                           	MOV	EBP,ESP
   120 00000061 57                              	PUSH	EDI
   121 00000062 56                              	PUSH	ESI
   122 00000063 53                              	PUSH	EBX
   123 00000064 51                              	PUSH	ECX
   124 00000065 8B 5D 08                        	MOV	EBX,DWORD [8+EBP]
   125 00000068 8B 7D 0C                        	MOV	EDI,DWORD [12+EBP]
   126 0000006B 8B 75 10                        	MOV	ESI,DWORD [16+EBP]
   127 0000006E E8 [00000000]                   	CALL	_io_load_eflags
   128 00000073 89 45 F0                        	MOV	DWORD [-16+EBP],EAX
   129 00000076 E8 [00000000]                   	CALL	_io_cli
   130 0000007B 53                              	PUSH	EBX
   131 0000007C 68 000003C8                     	PUSH	968
   132 00000081 E8 [00000000]                   	CALL	_io_out8
   133 00000086 85 FF                           	TEST	EDI,EDI
   134 00000088 58                              	POP	EAX
   135 00000089 5A                              	POP	EDX
   136 0000008A 7E 46                           	JLE	L13
   137 0000008C 89 FB                           	MOV	EBX,EDI
   138 0000008E                                 L11:
   139 0000008E 8A 06                           	MOV	AL,BYTE [ESI]
   140 00000090 C0 E8 02                        	SHR	AL,2
   141 00000093 0F B6 C0                        	MOVZX	EAX,AL
   142 00000096 50                              	PUSH	EAX
   143 00000097 68 000003C9                     	PUSH	969
   144 0000009C E8 [00000000]                   	CALL	_io_out8
   145 000000A1 8A 46 01                        	MOV	AL,BYTE [1+ESI]
   146 000000A4 C0 E8 02                        	SHR	AL,2
   147 000000A7 0F B6 C0                        	MOVZX	EAX,AL
   148 000000AA 50                              	PUSH	EAX
   149 000000AB 68 000003C9                     	PUSH	969
   150 000000B0 E8 [00000000]                   	CALL	_io_out8
   151 000000B5 8A 46 02                        	MOV	AL,BYTE [2+ESI]
   152 000000B8 C0 E8 02                        	SHR	AL,2
   153 000000BB 83 C6 03                        	ADD	ESI,3
   154 000000BE 0F B6 C0                        	MOVZX	EAX,AL
   155 000000C1 50                              	PUSH	EAX
   156 000000C2 68 000003C9                     	PUSH	969
   157 000000C7 E8 [00000000]                   	CALL	_io_out8
   158 000000CC 83 C4 18                        	ADD	ESP,24
   159 000000CF 4B                              	DEC	EBX
   160 000000D0 75 BC                           	JNE	L11
   161 000000D2                                 L13:
   162 000000D2 8B 45 F0                        	MOV	EAX,DWORD [-16+EBP]
   163 000000D5 89 45 08                        	MOV	DWORD [8+EBP],EAX
   164 000000D8 8D 65 F4                        	LEA	ESP,DWORD [-12+EBP]
   165 000000DB 5B                              	POP	EBX
   166 000000DC 5E                              	POP	ESI
   167 000000DD 5F                              	POP	EDI
   168 000000DE 5D                              	POP	EBP
   169 000000DF E9 [00000000]                   	JMP	_io_store_eflags
   170 000000E4                                 	GLOBAL	_boxfill8
   171 000000E4                                 _boxfill8:
   172 000000E4 55                              	PUSH	EBP
   173 000000E5 89 E5                           	MOV	EBP,ESP
   174 000000E7 57                              	PUSH	EDI
   175 000000E8 56                              	PUSH	ESI
   176 000000E9 53                              	PUSH	EBX
   177 000000EA 57                              	PUSH	EDI
   178 000000EB 57                              	PUSH	EDI
   179 000000EC 8A 45 10                        	MOV	AL,BYTE [16+EBP]
   180 000000EF 8B 4D 18                        	MOV	ECX,DWORD [24+EBP]
   181 000000F2 8B 7D 1C                        	MOV	EDI,DWORD [28+EBP]
   182 000000F5 88 45 F3                        	MOV	BYTE [-13+EBP],AL
   183 000000F8 3B 4D 20                        	CMP	ECX,DWORD [32+EBP]
   184 000000FB 7F 31                           	JG	L26
   185 000000FD 8B 5D 0C                        	MOV	EBX,DWORD [12+EBP]
   186 00000100 0F AF D9                        	IMUL	EBX,ECX
   187 00000103                                 L24:
   188 00000103 8B 55 14                        	MOV	EDX,DWORD [20+EBP]
   189 00000106 39 FA                           	CMP	EDX,EDI
   190 00000108 7F 1B                           	JG	L28
   191 0000010A 8B 75 08                        	MOV	ESI,DWORD [8+EBP]
   192 0000010D 01 DE                           	ADD	ESI,EBX
   193 0000010F 01 D6                           	ADD	ESI,EDX
   194 00000111 89 75 EC                        	MOV	DWORD [-20+EBP],ESI
   195 00000114                                 L23:
   196 00000114 8B 75 EC                        	MOV	ESI,DWORD [-20+EBP]
   197 00000117 8A 45 F3                        	MOV	AL,BYTE [-13+EBP]
   198 0000011A 42                              	INC	EDX
   199 0000011B 88 06                           	MOV	BYTE [ESI],AL
   200 0000011D 46                              	INC	ESI
   201 0000011E 89 75 EC                        	MOV	DWORD [-20+EBP],ESI
   202 00000121 39 FA                           	CMP	EDX,EDI
   203 00000123 7E EF                           	JLE	L23
   204 00000125                                 L28:
   205 00000125 41                              	INC	ECX
   206 00000126 03 5D 0C                        	ADD	EBX,DWORD [12+EBP]
   207 00000129 3B 4D 20                        	CMP	ECX,DWORD [32+EBP]
   208 0000012C 7E D5                           	JLE	L24
   209 0000012E                                 L26:
   210 0000012E 5B                              	POP	EBX
   211 0000012F 5E                              	POP	ESI
   212 00000130 5B                              	POP	EBX
   213 00000131 5E                              	POP	ESI
   214 00000132 5F                              	POP	EDI
   215 00000133 5D                              	POP	EBP
   216 00000134 C3                              	RET
   217 00000135                                 	GLOBAL	_init_screen
   218 00000135                                 _init_screen:
   219 00000135 55                              	PUSH	EBP
   220 00000136 89 E5                           	MOV	EBP,ESP
   221 00000138 57                              	PUSH	EDI
   222 00000139 56                              	PUSH	ESI
   223 0000013A 53                              	PUSH	EBX
   224 0000013B 83 EC 0C                        	SUB	ESP,12
   225 0000013E 8B 45 10                        	MOV	EAX,DWORD [16+EBP]
   226 00000141 8B 7D 0C                        	MOV	EDI,DWORD [12+EBP]
   227 00000144 83 E8 1D                        	SUB	EAX,29
   228 00000147 4F                              	DEC	EDI
   229 00000148 50                              	PUSH	EAX
   230 00000149 57                              	PUSH	EDI
   231 0000014A 6A 00                           	PUSH	0
   232 0000014C 6A 00                           	PUSH	0
   233 0000014E 6A 0E                           	PUSH	14
   234 00000150 FF 75 0C                        	PUSH	DWORD [12+EBP]
   235 00000153 FF 75 08                        	PUSH	DWORD [8+EBP]
   236 00000156 E8 FFFFFF89                     	CALL	_boxfill8
   237 0000015B 8B 45 10                        	MOV	EAX,DWORD [16+EBP]
   238 0000015E 83 E8 1C                        	SUB	EAX,28
   239 00000161 50                              	PUSH	EAX
   240 00000162 57                              	PUSH	EDI
   241 00000163 50                              	PUSH	EAX
   242 00000164 6A 00                           	PUSH	0
   243 00000166 6A 08                           	PUSH	8
   244 00000168 FF 75 0C                        	PUSH	DWORD [12+EBP]
   245 0000016B FF 75 08                        	PUSH	DWORD [8+EBP]
   246 0000016E E8 FFFFFF71                     	CALL	_boxfill8
   247 00000173 8B 45 10                        	MOV	EAX,DWORD [16+EBP]
   248 00000176 83 C4 38                        	ADD	ESP,56
   249 00000179 83 E8 1B                        	SUB	EAX,27
   250 0000017C 50                              	PUSH	EAX
   251 0000017D 57                              	PUSH	EDI
   252 0000017E 50                              	PUSH	EAX
   253 0000017F 6A 00                           	PUSH	0
   254 00000181 6A 07                           	PUSH	7
   255 00000183 FF 75 0C                        	PUSH	DWORD [12+EBP]
   256 00000186 FF 75 08                        	PUSH	DWORD [8+EBP]
   257 00000189 E8 FFFFFF56                     	CALL	_boxfill8
   258 0000018E 8B 45 10                        	MOV	EAX,DWORD [16+EBP]
   259 00000191 48                              	DEC	EAX
   260 00000192 50                              	PUSH	EAX
   261 00000193 8B 45 10                        	MOV	EAX,DWORD [16+EBP]
   262 00000196 57                              	PUSH	EDI
   263 00000197 83 E8 1A                        	SUB	EAX,26
   264 0000019A 50                              	PUSH	EAX
   265 0000019B 6A 00                           	PUSH	0
   266 0000019D 6A 08                           	PUSH	8
   267 0000019F FF 75 0C                        	PUSH	DWORD [12+EBP]
   268 000001A2 FF 75 08                        	PUSH	DWORD [8+EBP]
   269 000001A5 E8 FFFFFF3A                     	CALL	_boxfill8
   270 000001AA 8B 75 10                        	MOV	ESI,DWORD [16+EBP]
   271 000001AD 83 C4 38                        	ADD	ESP,56
   272 000001B0 83 EE 18                        	SUB	ESI,24
   273 000001B3 56                              	PUSH	ESI
   274 000001B4 6A 3B                           	PUSH	59
   275 000001B6 56                              	PUSH	ESI
   276 000001B7 6A 03                           	PUSH	3
   277 000001B9 6A 07                           	PUSH	7
   278 000001BB FF 75 0C                        	PUSH	DWORD [12+EBP]
   279 000001BE FF 75 08                        	PUSH	DWORD [8+EBP]
   280 000001C1 E8 FFFFFF1E                     	CALL	_boxfill8
   281 000001C6 8B 45 10                        	MOV	EAX,DWORD [16+EBP]
   282 000001C9 83 E8 04                        	SUB	EAX,4
   283 000001CC 50                              	PUSH	EAX
   284 000001CD 89 45 F0                        	MOV	DWORD [-16+EBP],EAX
   285 000001D0 6A 02                           	PUSH	2
   286 000001D2 56                              	PUSH	ESI
   287 000001D3 6A 02                           	PUSH	2
   288 000001D5 6A 07                           	PUSH	7
   289 000001D7 FF 75 0C                        	PUSH	DWORD [12+EBP]
   290 000001DA FF 75 08                        	PUSH	DWORD [8+EBP]
   291 000001DD E8 FFFFFF02                     	CALL	_boxfill8
   292 000001E2 83 C4 38                        	ADD	ESP,56
   293 000001E5 FF 75 F0                        	PUSH	DWORD [-16+EBP]
   294 000001E8 6A 3B                           	PUSH	59
   295 000001EA FF 75 F0                        	PUSH	DWORD [-16+EBP]
   296 000001ED 6A 03                           	PUSH	3
   297 000001EF 6A 0F                           	PUSH	15
   298 000001F1 FF 75 0C                        	PUSH	DWORD [12+EBP]
   299 000001F4 FF 75 08                        	PUSH	DWORD [8+EBP]
   300 000001F7 E8 FFFFFEE8                     	CALL	_boxfill8
   301 000001FC 8B 45 10                        	MOV	EAX,DWORD [16+EBP]
   302 000001FF 83 E8 05                        	SUB	EAX,5
   303 00000202 50                              	PUSH	EAX
   304 00000203 8B 45 10                        	MOV	EAX,DWORD [16+EBP]
   305 00000206 6A 3B                           	PUSH	59
   306 00000208 83 E8 17                        	SUB	EAX,23
   307 0000020B 50                              	PUSH	EAX
   308 0000020C 89 45 EC                        	MOV	DWORD [-20+EBP],EAX
   309 0000020F 6A 3B                           	PUSH	59
   310 00000211 6A 0F                           	PUSH	15
   311 00000213 FF 75 0C                        	PUSH	DWORD [12+EBP]
   312 00000216 FF 75 08                        	PUSH	DWORD [8+EBP]
   313 00000219 E8 FFFFFEC6                     	CALL	_boxfill8
   314 0000021E 8B 45 10                        	MOV	EAX,DWORD [16+EBP]
   315 00000221 83 C4 38                        	ADD	ESP,56
   316 00000224 83 E8 03                        	SUB	EAX,3
   317 00000227 89 45 E8                        	MOV	DWORD [-24+EBP],EAX
   318 0000022A 50                              	PUSH	EAX
   319 0000022B 6A 3B                           	PUSH	59
   320 0000022D 50                              	PUSH	EAX
   321 0000022E 6A 02                           	PUSH	2
   322 00000230 6A 00                           	PUSH	0
   323 00000232 FF 75 0C                        	PUSH	DWORD [12+EBP]
   324 00000235 FF 75 08                        	PUSH	DWORD [8+EBP]
   325 00000238 E8 FFFFFEA7                     	CALL	_boxfill8
   326 0000023D FF 75 E8                        	PUSH	DWORD [-24+EBP]
   327 00000240 6A 3C                           	PUSH	60
   328 00000242 56                              	PUSH	ESI
   329 00000243 6A 3C                           	PUSH	60
   330 00000245 6A 00                           	PUSH	0
   331 00000247 FF 75 0C                        	PUSH	DWORD [12+EBP]
   332 0000024A FF 75 08                        	PUSH	DWORD [8+EBP]
   333 0000024D E8 FFFFFE92                     	CALL	_boxfill8
   334 00000252 8B 7D 0C                        	MOV	EDI,DWORD [12+EBP]
   335 00000255 83 C4 38                        	ADD	ESP,56
   336 00000258 8B 5D 0C                        	MOV	EBX,DWORD [12+EBP]
   337 0000025B 83 EB 04                        	SUB	EBX,4
   338 0000025E 83 EF 2F                        	SUB	EDI,47
   339 00000261 56                              	PUSH	ESI
   340 00000262 53                              	PUSH	EBX
   341 00000263 56                              	PUSH	ESI
   342 00000264 57                              	PUSH	EDI
   343 00000265 6A 0F                           	PUSH	15
   344 00000267 FF 75 0C                        	PUSH	DWORD [12+EBP]
   345 0000026A FF 75 08                        	PUSH	DWORD [8+EBP]
   346 0000026D E8 FFFFFE72                     	CALL	_boxfill8
   347 00000272 FF 75 F0                        	PUSH	DWORD [-16+EBP]
   348 00000275 57                              	PUSH	EDI
   349 00000276 FF 75 EC                        	PUSH	DWORD [-20+EBP]
   350 00000279 57                              	PUSH	EDI
   351 0000027A 6A 0F                           	PUSH	15
   352 0000027C FF 75 0C                        	PUSH	DWORD [12+EBP]
   353 0000027F FF 75 08                        	PUSH	DWORD [8+EBP]
   354 00000282 E8 FFFFFE5D                     	CALL	_boxfill8
   355 00000287 83 C4 38                        	ADD	ESP,56
   356 0000028A FF 75 E8                        	PUSH	DWORD [-24+EBP]
   357 0000028D 53                              	PUSH	EBX
   358 0000028E FF 75 E8                        	PUSH	DWORD [-24+EBP]
   359 00000291 57                              	PUSH	EDI
   360 00000292 6A 07                           	PUSH	7
   361 00000294 FF 75 0C                        	PUSH	DWORD [12+EBP]
   362 00000297 FF 75 08                        	PUSH	DWORD [8+EBP]
   363 0000029A E8 FFFFFE45                     	CALL	_boxfill8
   364 0000029F 8B 45 0C                        	MOV	EAX,DWORD [12+EBP]
   365 000002A2 FF 75 E8                        	PUSH	DWORD [-24+EBP]
   366 000002A5 83 E8 03                        	SUB	EAX,3
   367 000002A8 50                              	PUSH	EAX
   368 000002A9 56                              	PUSH	ESI
   369 000002AA 50                              	PUSH	EAX
   370 000002AB 6A 07                           	PUSH	7
   371 000002AD FF 75 0C                        	PUSH	DWORD [12+EBP]
   372 000002B0 FF 75 08                        	PUSH	DWORD [8+EBP]
   373 000002B3 E8 FFFFFE2C                     	CALL	_boxfill8
   374 000002B8 8D 65 F4                        	LEA	ESP,DWORD [-12+EBP]
   375 000002BB 5B                              	POP	EBX
   376 000002BC 5E                              	POP	ESI
   377 000002BD 5F                              	POP	EDI
   378 000002BE 5D                              	POP	EBP
   379 000002BF C3                              	RET
   380 000002C0                                 	GLOBAL	_putfont8
   381 000002C0                                 _putfont8:
   382 000002C0 55                              	PUSH	EBP
   383 000002C1 89 E5                           	MOV	EBP,ESP
   384 000002C3 57                              	PUSH	EDI
   385 000002C4 56                              	PUSH	ESI
   386 000002C5 31 F6                           	XOR	ESI,ESI
   387 000002C7 53                              	PUSH	EBX
   388 000002C8 8B 7D 1C                        	MOV	EDI,DWORD [28+EBP]
   389 000002CB 8A 5D 18                        	MOV	BL,BYTE [24+EBP]
   390 000002CE                                 L43:
   391 000002CE 8B 45 14                        	MOV	EAX,DWORD [20+EBP]
   392 000002D1 8B 55 08                        	MOV	EDX,DWORD [8+EBP]
   393 000002D4 01 F0                           	ADD	EAX,ESI
   394 000002D6 8A 0C 3E                        	MOV	CL,BYTE [ESI+EDI*1]
   395 000002D9 0F AF 45 0C                     	IMUL	EAX,DWORD [12+EBP]
   396 000002DD 03 55 10                        	ADD	EDX,DWORD [16+EBP]
   397 000002E0 01 C2                           	ADD	EDX,EAX
   398 000002E2 84 C9                           	TEST	CL,CL
   399 000002E4 79 02                           	JNS	L35
   400 000002E6 88 1A                           	MOV	BYTE [EDX],BL
   401 000002E8                                 L35:
   402 000002E8 88 C8                           	MOV	AL,CL
   403 000002EA 83 E0 40                        	AND	EAX,64
   404 000002ED 84 C0                           	TEST	AL,AL
   405 000002EF 74 03                           	JE	L36
   406 000002F1 88 5A 01                        	MOV	BYTE [1+EDX],BL
   407 000002F4                                 L36:
   408 000002F4 88 C8                           	MOV	AL,CL
   409 000002F6 83 E0 20                        	AND	EAX,32
   410 000002F9 84 C0                           	TEST	AL,AL
   411 000002FB 74 03                           	JE	L37
   412 000002FD 88 5A 02                        	MOV	BYTE [2+EDX],BL
   413 00000300                                 L37:
   414 00000300 88 C8                           	MOV	AL,CL
   415 00000302 83 E0 10                        	AND	EAX,16
   416 00000305 84 C0                           	TEST	AL,AL
   417 00000307 74 03                           	JE	L38
   418 00000309 88 5A 03                        	MOV	BYTE [3+EDX],BL
   419 0000030C                                 L38:
   420 0000030C 88 C8                           	MOV	AL,CL
   421 0000030E 83 E0 08                        	AND	EAX,8
   422 00000311 84 C0                           	TEST	AL,AL
   423 00000313 74 03                           	JE	L39
   424 00000315 88 5A 04                        	MOV	BYTE [4+EDX],BL
   425 00000318                                 L39:
   426 00000318 88 C8                           	MOV	AL,CL
   427 0000031A 83 E0 04                        	AND	EAX,4
   428 0000031D 84 C0                           	TEST	AL,AL
   429 0000031F 74 03                           	JE	L40
   430 00000321 88 5A 05                        	MOV	BYTE [5+EDX],BL
   431 00000324                                 L40:
   432 00000324 88 C8                           	MOV	AL,CL
   433 00000326 83 E0 02                        	AND	EAX,2
   434 00000329 84 C0                           	TEST	AL,AL
   435 0000032B 74 03                           	JE	L41
   436 0000032D 88 5A 06                        	MOV	BYTE [6+EDX],BL
   437 00000330                                 L41:
   438 00000330 83 E1 01                        	AND	ECX,1
   439 00000333 84 C9                           	TEST	CL,CL
   440 00000335 74 03                           	JE	L33
   441 00000337 88 5A 07                        	MOV	BYTE [7+EDX],BL
   442 0000033A                                 L33:
   443 0000033A 46                              	INC	ESI
   444 0000033B 83 FE 0F                        	CMP	ESI,15
   445 0000033E 7E 8E                           	JLE	L43
   446 00000340 5B                              	POP	EBX
   447 00000341 5E                              	POP	ESI
   448 00000342 5F                              	POP	EDI
   449 00000343 5D                              	POP	EBP
   450 00000344 C3                              	RET
