     1 00000000                                 [FORMAT "WCOFF"]
     2 00000000                                 [INSTRSET "i486p"]
     3 00000000                                 [OPTIMIZE 1]
     4 00000000                                 [OPTION 1]
     5 00000000                                 [BITS 32]
     6 00000000                                 	EXTERN	_io_hlt
     7 00000000                                 	EXTERN	_io_load_eflags
     8 00000000                                 	EXTERN	_io_cli
     9 00000000                                 	EXTERN	_io_out8
    10 00000000                                 	EXTERN	_io_store_eflags
    11 00000000                                 	EXTERN	_hankaku
    12 00000000                                 [FILE "bootpack.c"]
    13                                          [SECTION .data]
    14 00000000                                 LC0:
    15 00000000 50 48 50 20 69 73 20 74 68 65   	DB	"PHP is the best programming language",0x00
       0000000A 20 62 65 73 74 20 70 72 6F 67 
       00000014 72 61 6D 6D 69 6E 67 20 6C 61 
       0000001E 6E 67 75 61 67 65 00 
    16 00000025                                 LC1:
    17 00000025 69 6E 20 74 68 65 20 77 6F 72   	DB	"in the world!",0x00
       0000002F 6C 64 21 00 
    18                                          [SECTION .text]
    19 00000000                                 	GLOBAL	_HariMain
    20 00000000                                 _HariMain:
    21 00000000 55                              	PUSH	EBP
    22 00000001 89 E5                           	MOV	EBP,ESP
    23 00000003 E8 00000064                     	CALL	_init_palette
    24 00000008 0F BF 05 00000FF6               	MOVSX	EAX,WORD [4086]
    25 0000000F 50                              	PUSH	EAX
    26 00000010 0F BF 05 00000FF4               	MOVSX	EAX,WORD [4084]
    27 00000017 50                              	PUSH	EAX
    28 00000018 FF 35 00000FF8                  	PUSH	DWORD [4088]
    29 0000001E E8 00000133                     	CALL	_init_screen
    30 00000023 68 [00000000]                   	PUSH	LC0
    31 00000028 6A 07                           	PUSH	7
    32 0000002A 6A 08                           	PUSH	8
    33 0000002C 6A 08                           	PUSH	8
    34 0000002E 0F BF 05 00000FF4               	MOVSX	EAX,WORD [4084]
    35 00000035 50                              	PUSH	EAX
    36 00000036 FF 35 00000FF8                  	PUSH	DWORD [4088]
    37 0000003C E8 00000326                     	CALL	_putfonts8_asc
    38 00000041 83 C4 24                        	ADD	ESP,36
    39 00000044 68 [00000025]                   	PUSH	LC1
    40 00000049 6A 07                           	PUSH	7
    41 0000004B 6A 1E                           	PUSH	30
    42 0000004D 6A 08                           	PUSH	8
    43 0000004F 0F BF 05 00000FF4               	MOVSX	EAX,WORD [4084]
    44 00000056 50                              	PUSH	EAX
    45 00000057 FF 35 00000FF8                  	PUSH	DWORD [4088]
    46 0000005D E8 00000305                     	CALL	_putfonts8_asc
    47 00000062 83 C4 18                        	ADD	ESP,24
    48 00000065                                 L2:
    49 00000065 E8 [00000000]                   	CALL	_io_hlt
    50 0000006A EB F9                           	JMP	L2
    51                                          [SECTION .data]
    52 00000033                                 _table_rgb.0:
    53 00000033 00                              	DB	0
    54 00000034 00                              	DB	0
    55 00000035 00                              	DB	0
    56 00000036 FF                              	DB	-1
    57 00000037 00                              	DB	0
    58 00000038 00                              	DB	0
    59 00000039 00                              	DB	0
    60 0000003A FF                              	DB	-1
    61 0000003B 00                              	DB	0
    62 0000003C FF                              	DB	-1
    63 0000003D FF                              	DB	-1
    64 0000003E 00                              	DB	0
    65 0000003F 00                              	DB	0
    66 00000040 00                              	DB	0
    67 00000041 FF                              	DB	-1
    68 00000042 FF                              	DB	-1
    69 00000043 00                              	DB	0
    70 00000044 FF                              	DB	-1
    71 00000045 00                              	DB	0
    72 00000046 FF                              	DB	-1
    73 00000047 FF                              	DB	-1
    74 00000048 FF                              	DB	-1
    75 00000049 FF                              	DB	-1
    76 0000004A FF                              	DB	-1
    77 0000004B C6                              	DB	-58
    78 0000004C C6                              	DB	-58
    79 0000004D C6                              	DB	-58
    80 0000004E 84                              	DB	-124
    81 0000004F 00                              	DB	0
    82 00000050 00                              	DB	0
    83 00000051 00                              	DB	0
    84 00000052 84                              	DB	-124
    85 00000053 00                              	DB	0
    86 00000054 84                              	DB	-124
    87 00000055 84                              	DB	-124
    88 00000056 00                              	DB	0
    89 00000057 00                              	DB	0
    90 00000058 00                              	DB	0
    91 00000059 84                              	DB	-124
    92 0000005A 84                              	DB	-124
    93 0000005B 00                              	DB	0
    94 0000005C 84                              	DB	-124
    95 0000005D 00                              	DB	0
    96 0000005E 84                              	DB	-124
    97 0000005F 84                              	DB	-124
    98 00000060 84                              	DB	-124
    99 00000061 84                              	DB	-124
   100 00000062 84                              	DB	-124
   101                                          [SECTION .text]
   102 0000006C                                 	GLOBAL	_init_palette
   103 0000006C                                 _init_palette:
   104 0000006C 55                              	PUSH	EBP
   105 0000006D 89 E5                           	MOV	EBP,ESP
   106 0000006F 68 [00000033]                   	PUSH	_table_rgb.0
   107 00000074 6A 0F                           	PUSH	15
   108 00000076 6A 00                           	PUSH	0
   109 00000078 E8 00000002                     	CALL	_set_palette
   110 0000007D C9                              	LEAVE
   111 0000007E C3                              	RET
   112 0000007F                                 	GLOBAL	_set_palette
   113 0000007F                                 _set_palette:
   114 0000007F 55                              	PUSH	EBP
   115 00000080 89 E5                           	MOV	EBP,ESP
   116 00000082 57                              	PUSH	EDI
   117 00000083 56                              	PUSH	ESI
   118 00000084 53                              	PUSH	EBX
   119 00000085 51                              	PUSH	ECX
   120 00000086 8B 5D 08                        	MOV	EBX,DWORD [8+EBP]
   121 00000089 8B 7D 0C                        	MOV	EDI,DWORD [12+EBP]
   122 0000008C 8B 75 10                        	MOV	ESI,DWORD [16+EBP]
   123 0000008F E8 [00000000]                   	CALL	_io_load_eflags
   124 00000094 89 45 F0                        	MOV	DWORD [-16+EBP],EAX
   125 00000097 E8 [00000000]                   	CALL	_io_cli
   126 0000009C 53                              	PUSH	EBX
   127 0000009D 68 000003C8                     	PUSH	968
   128 000000A2 E8 [00000000]                   	CALL	_io_out8
   129 000000A7 85 FF                           	TEST	EDI,EDI
   130 000000A9 58                              	POP	EAX
   131 000000AA 5A                              	POP	EDX
   132 000000AB 7E 46                           	JLE	L13
   133 000000AD 89 FB                           	MOV	EBX,EDI
   134 000000AF                                 L11:
   135 000000AF 8A 06                           	MOV	AL,BYTE [ESI]
   136 000000B1 C0 E8 02                        	SHR	AL,2
   137 000000B4 0F B6 C0                        	MOVZX	EAX,AL
   138 000000B7 50                              	PUSH	EAX
   139 000000B8 68 000003C9                     	PUSH	969
   140 000000BD E8 [00000000]                   	CALL	_io_out8
   141 000000C2 8A 46 01                        	MOV	AL,BYTE [1+ESI]
   142 000000C5 C0 E8 02                        	SHR	AL,2
   143 000000C8 0F B6 C0                        	MOVZX	EAX,AL
   144 000000CB 50                              	PUSH	EAX
   145 000000CC 68 000003C9                     	PUSH	969
   146 000000D1 E8 [00000000]                   	CALL	_io_out8
   147 000000D6 8A 46 02                        	MOV	AL,BYTE [2+ESI]
   148 000000D9 C0 E8 02                        	SHR	AL,2
   149 000000DC 83 C6 03                        	ADD	ESI,3
   150 000000DF 0F B6 C0                        	MOVZX	EAX,AL
   151 000000E2 50                              	PUSH	EAX
   152 000000E3 68 000003C9                     	PUSH	969
   153 000000E8 E8 [00000000]                   	CALL	_io_out8
   154 000000ED 83 C4 18                        	ADD	ESP,24
   155 000000F0 4B                              	DEC	EBX
   156 000000F1 75 BC                           	JNE	L11
   157 000000F3                                 L13:
   158 000000F3 8B 45 F0                        	MOV	EAX,DWORD [-16+EBP]
   159 000000F6 89 45 08                        	MOV	DWORD [8+EBP],EAX
   160 000000F9 8D 65 F4                        	LEA	ESP,DWORD [-12+EBP]
   161 000000FC 5B                              	POP	EBX
   162 000000FD 5E                              	POP	ESI
   163 000000FE 5F                              	POP	EDI
   164 000000FF 5D                              	POP	EBP
   165 00000100 E9 [00000000]                   	JMP	_io_store_eflags
   166 00000105                                 	GLOBAL	_boxfill8
   167 00000105                                 _boxfill8:
   168 00000105 55                              	PUSH	EBP
   169 00000106 89 E5                           	MOV	EBP,ESP
   170 00000108 57                              	PUSH	EDI
   171 00000109 56                              	PUSH	ESI
   172 0000010A 53                              	PUSH	EBX
   173 0000010B 57                              	PUSH	EDI
   174 0000010C 57                              	PUSH	EDI
   175 0000010D 8A 45 10                        	MOV	AL,BYTE [16+EBP]
   176 00000110 8B 4D 18                        	MOV	ECX,DWORD [24+EBP]
   177 00000113 8B 7D 1C                        	MOV	EDI,DWORD [28+EBP]
   178 00000116 88 45 F3                        	MOV	BYTE [-13+EBP],AL
   179 00000119 3B 4D 20                        	CMP	ECX,DWORD [32+EBP]
   180 0000011C 7F 31                           	JG	L26
   181 0000011E 8B 5D 0C                        	MOV	EBX,DWORD [12+EBP]
   182 00000121 0F AF D9                        	IMUL	EBX,ECX
   183 00000124                                 L24:
   184 00000124 8B 55 14                        	MOV	EDX,DWORD [20+EBP]
   185 00000127 39 FA                           	CMP	EDX,EDI
   186 00000129 7F 1B                           	JG	L28
   187 0000012B 8B 75 08                        	MOV	ESI,DWORD [8+EBP]
   188 0000012E 01 DE                           	ADD	ESI,EBX
   189 00000130 01 D6                           	ADD	ESI,EDX
   190 00000132 89 75 EC                        	MOV	DWORD [-20+EBP],ESI
   191 00000135                                 L23:
   192 00000135 8B 75 EC                        	MOV	ESI,DWORD [-20+EBP]
   193 00000138 8A 45 F3                        	MOV	AL,BYTE [-13+EBP]
   194 0000013B 42                              	INC	EDX
   195 0000013C 88 06                           	MOV	BYTE [ESI],AL
   196 0000013E 46                              	INC	ESI
   197 0000013F 89 75 EC                        	MOV	DWORD [-20+EBP],ESI
   198 00000142 39 FA                           	CMP	EDX,EDI
   199 00000144 7E EF                           	JLE	L23
   200 00000146                                 L28:
   201 00000146 41                              	INC	ECX
   202 00000147 03 5D 0C                        	ADD	EBX,DWORD [12+EBP]
   203 0000014A 3B 4D 20                        	CMP	ECX,DWORD [32+EBP]
   204 0000014D 7E D5                           	JLE	L24
   205 0000014F                                 L26:
   206 0000014F 5B                              	POP	EBX
   207 00000150 5E                              	POP	ESI
   208 00000151 5B                              	POP	EBX
   209 00000152 5E                              	POP	ESI
   210 00000153 5F                              	POP	EDI
   211 00000154 5D                              	POP	EBP
   212 00000155 C3                              	RET
   213 00000156                                 	GLOBAL	_init_screen
   214 00000156                                 _init_screen:
   215 00000156 55                              	PUSH	EBP
   216 00000157 89 E5                           	MOV	EBP,ESP
   217 00000159 57                              	PUSH	EDI
   218 0000015A 56                              	PUSH	ESI
   219 0000015B 53                              	PUSH	EBX
   220 0000015C 83 EC 0C                        	SUB	ESP,12
   221 0000015F 8B 45 10                        	MOV	EAX,DWORD [16+EBP]
   222 00000162 8B 7D 0C                        	MOV	EDI,DWORD [12+EBP]
   223 00000165 83 E8 1D                        	SUB	EAX,29
   224 00000168 4F                              	DEC	EDI
   225 00000169 50                              	PUSH	EAX
   226 0000016A 57                              	PUSH	EDI
   227 0000016B 6A 00                           	PUSH	0
   228 0000016D 6A 00                           	PUSH	0
   229 0000016F 6A 0E                           	PUSH	14
   230 00000171 FF 75 0C                        	PUSH	DWORD [12+EBP]
   231 00000174 FF 75 08                        	PUSH	DWORD [8+EBP]
   232 00000177 E8 FFFFFF89                     	CALL	_boxfill8
   233 0000017C 8B 45 10                        	MOV	EAX,DWORD [16+EBP]
   234 0000017F 83 E8 1C                        	SUB	EAX,28
   235 00000182 50                              	PUSH	EAX
   236 00000183 57                              	PUSH	EDI
   237 00000184 50                              	PUSH	EAX
   238 00000185 6A 00                           	PUSH	0
   239 00000187 6A 08                           	PUSH	8
   240 00000189 FF 75 0C                        	PUSH	DWORD [12+EBP]
   241 0000018C FF 75 08                        	PUSH	DWORD [8+EBP]
   242 0000018F E8 FFFFFF71                     	CALL	_boxfill8
   243 00000194 8B 45 10                        	MOV	EAX,DWORD [16+EBP]
   244 00000197 83 C4 38                        	ADD	ESP,56
   245 0000019A 83 E8 1B                        	SUB	EAX,27
   246 0000019D 50                              	PUSH	EAX
   247 0000019E 57                              	PUSH	EDI
   248 0000019F 50                              	PUSH	EAX
   249 000001A0 6A 00                           	PUSH	0
   250 000001A2 6A 07                           	PUSH	7
   251 000001A4 FF 75 0C                        	PUSH	DWORD [12+EBP]
   252 000001A7 FF 75 08                        	PUSH	DWORD [8+EBP]
   253 000001AA E8 FFFFFF56                     	CALL	_boxfill8
   254 000001AF 8B 45 10                        	MOV	EAX,DWORD [16+EBP]
   255 000001B2 48                              	DEC	EAX
   256 000001B3 50                              	PUSH	EAX
   257 000001B4 8B 45 10                        	MOV	EAX,DWORD [16+EBP]
   258 000001B7 57                              	PUSH	EDI
   259 000001B8 83 E8 1A                        	SUB	EAX,26
   260 000001BB 50                              	PUSH	EAX
   261 000001BC 6A 00                           	PUSH	0
   262 000001BE 6A 08                           	PUSH	8
   263 000001C0 FF 75 0C                        	PUSH	DWORD [12+EBP]
   264 000001C3 FF 75 08                        	PUSH	DWORD [8+EBP]
   265 000001C6 E8 FFFFFF3A                     	CALL	_boxfill8
   266 000001CB 8B 75 10                        	MOV	ESI,DWORD [16+EBP]
   267 000001CE 83 C4 38                        	ADD	ESP,56
   268 000001D1 83 EE 18                        	SUB	ESI,24
   269 000001D4 56                              	PUSH	ESI
   270 000001D5 6A 3B                           	PUSH	59
   271 000001D7 56                              	PUSH	ESI
   272 000001D8 6A 03                           	PUSH	3
   273 000001DA 6A 07                           	PUSH	7
   274 000001DC FF 75 0C                        	PUSH	DWORD [12+EBP]
   275 000001DF FF 75 08                        	PUSH	DWORD [8+EBP]
   276 000001E2 E8 FFFFFF1E                     	CALL	_boxfill8
   277 000001E7 8B 45 10                        	MOV	EAX,DWORD [16+EBP]
   278 000001EA 83 E8 04                        	SUB	EAX,4
   279 000001ED 50                              	PUSH	EAX
   280 000001EE 89 45 F0                        	MOV	DWORD [-16+EBP],EAX
   281 000001F1 6A 02                           	PUSH	2
   282 000001F3 56                              	PUSH	ESI
   283 000001F4 6A 02                           	PUSH	2
   284 000001F6 6A 07                           	PUSH	7
   285 000001F8 FF 75 0C                        	PUSH	DWORD [12+EBP]
   286 000001FB FF 75 08                        	PUSH	DWORD [8+EBP]
   287 000001FE E8 FFFFFF02                     	CALL	_boxfill8
   288 00000203 83 C4 38                        	ADD	ESP,56
   289 00000206 FF 75 F0                        	PUSH	DWORD [-16+EBP]
   290 00000209 6A 3B                           	PUSH	59
   291 0000020B FF 75 F0                        	PUSH	DWORD [-16+EBP]
   292 0000020E 6A 03                           	PUSH	3
   293 00000210 6A 0F                           	PUSH	15
   294 00000212 FF 75 0C                        	PUSH	DWORD [12+EBP]
   295 00000215 FF 75 08                        	PUSH	DWORD [8+EBP]
   296 00000218 E8 FFFFFEE8                     	CALL	_boxfill8
   297 0000021D 8B 45 10                        	MOV	EAX,DWORD [16+EBP]
   298 00000220 83 E8 05                        	SUB	EAX,5
   299 00000223 50                              	PUSH	EAX
   300 00000224 8B 45 10                        	MOV	EAX,DWORD [16+EBP]
   301 00000227 6A 3B                           	PUSH	59
   302 00000229 83 E8 17                        	SUB	EAX,23
   303 0000022C 50                              	PUSH	EAX
   304 0000022D 89 45 EC                        	MOV	DWORD [-20+EBP],EAX
   305 00000230 6A 3B                           	PUSH	59
   306 00000232 6A 0F                           	PUSH	15
   307 00000234 FF 75 0C                        	PUSH	DWORD [12+EBP]
   308 00000237 FF 75 08                        	PUSH	DWORD [8+EBP]
   309 0000023A E8 FFFFFEC6                     	CALL	_boxfill8
   310 0000023F 8B 45 10                        	MOV	EAX,DWORD [16+EBP]
   311 00000242 83 C4 38                        	ADD	ESP,56
   312 00000245 83 E8 03                        	SUB	EAX,3
   313 00000248 89 45 E8                        	MOV	DWORD [-24+EBP],EAX
   314 0000024B 50                              	PUSH	EAX
   315 0000024C 6A 3B                           	PUSH	59
   316 0000024E 50                              	PUSH	EAX
   317 0000024F 6A 02                           	PUSH	2
   318 00000251 6A 00                           	PUSH	0
   319 00000253 FF 75 0C                        	PUSH	DWORD [12+EBP]
   320 00000256 FF 75 08                        	PUSH	DWORD [8+EBP]
   321 00000259 E8 FFFFFEA7                     	CALL	_boxfill8
   322 0000025E FF 75 E8                        	PUSH	DWORD [-24+EBP]
   323 00000261 6A 3C                           	PUSH	60
   324 00000263 56                              	PUSH	ESI
   325 00000264 6A 3C                           	PUSH	60
   326 00000266 6A 00                           	PUSH	0
   327 00000268 FF 75 0C                        	PUSH	DWORD [12+EBP]
   328 0000026B FF 75 08                        	PUSH	DWORD [8+EBP]
   329 0000026E E8 FFFFFE92                     	CALL	_boxfill8
   330 00000273 8B 7D 0C                        	MOV	EDI,DWORD [12+EBP]
   331 00000276 83 C4 38                        	ADD	ESP,56
   332 00000279 8B 5D 0C                        	MOV	EBX,DWORD [12+EBP]
   333 0000027C 83 EB 04                        	SUB	EBX,4
   334 0000027F 83 EF 2F                        	SUB	EDI,47
   335 00000282 56                              	PUSH	ESI
   336 00000283 53                              	PUSH	EBX
   337 00000284 56                              	PUSH	ESI
   338 00000285 57                              	PUSH	EDI
   339 00000286 6A 0F                           	PUSH	15
   340 00000288 FF 75 0C                        	PUSH	DWORD [12+EBP]
   341 0000028B FF 75 08                        	PUSH	DWORD [8+EBP]
   342 0000028E E8 FFFFFE72                     	CALL	_boxfill8
   343 00000293 FF 75 F0                        	PUSH	DWORD [-16+EBP]
   344 00000296 57                              	PUSH	EDI
   345 00000297 FF 75 EC                        	PUSH	DWORD [-20+EBP]
   346 0000029A 57                              	PUSH	EDI
   347 0000029B 6A 0F                           	PUSH	15
   348 0000029D FF 75 0C                        	PUSH	DWORD [12+EBP]
   349 000002A0 FF 75 08                        	PUSH	DWORD [8+EBP]
   350 000002A3 E8 FFFFFE5D                     	CALL	_boxfill8
   351 000002A8 83 C4 38                        	ADD	ESP,56
   352 000002AB FF 75 E8                        	PUSH	DWORD [-24+EBP]
   353 000002AE 53                              	PUSH	EBX
   354 000002AF FF 75 E8                        	PUSH	DWORD [-24+EBP]
   355 000002B2 57                              	PUSH	EDI
   356 000002B3 6A 07                           	PUSH	7
   357 000002B5 FF 75 0C                        	PUSH	DWORD [12+EBP]
   358 000002B8 FF 75 08                        	PUSH	DWORD [8+EBP]
   359 000002BB E8 FFFFFE45                     	CALL	_boxfill8
   360 000002C0 8B 45 0C                        	MOV	EAX,DWORD [12+EBP]
   361 000002C3 FF 75 E8                        	PUSH	DWORD [-24+EBP]
   362 000002C6 83 E8 03                        	SUB	EAX,3
   363 000002C9 50                              	PUSH	EAX
   364 000002CA 56                              	PUSH	ESI
   365 000002CB 50                              	PUSH	EAX
   366 000002CC 6A 07                           	PUSH	7
   367 000002CE FF 75 0C                        	PUSH	DWORD [12+EBP]
   368 000002D1 FF 75 08                        	PUSH	DWORD [8+EBP]
   369 000002D4 E8 FFFFFE2C                     	CALL	_boxfill8
   370 000002D9 8D 65 F4                        	LEA	ESP,DWORD [-12+EBP]
   371 000002DC 5B                              	POP	EBX
   372 000002DD 5E                              	POP	ESI
   373 000002DE 5F                              	POP	EDI
   374 000002DF 5D                              	POP	EBP
   375 000002E0 C3                              	RET
   376 000002E1                                 	GLOBAL	_putfont8
   377 000002E1                                 _putfont8:
   378 000002E1 55                              	PUSH	EBP
   379 000002E2 89 E5                           	MOV	EBP,ESP
   380 000002E4 57                              	PUSH	EDI
   381 000002E5 56                              	PUSH	ESI
   382 000002E6 31 F6                           	XOR	ESI,ESI
   383 000002E8 53                              	PUSH	EBX
   384 000002E9 8B 7D 1C                        	MOV	EDI,DWORD [28+EBP]
   385 000002EC 8A 5D 18                        	MOV	BL,BYTE [24+EBP]
   386 000002EF                                 L43:
   387 000002EF 8B 45 14                        	MOV	EAX,DWORD [20+EBP]
   388 000002F2 8B 55 10                        	MOV	EDX,DWORD [16+EBP]
   389 000002F5 01 F0                           	ADD	EAX,ESI
   390 000002F7 0F AF 45 0C                     	IMUL	EAX,DWORD [12+EBP]
   391 000002FB 03 45 08                        	ADD	EAX,DWORD [8+EBP]
   392 000002FE 8D 0C 02                        	LEA	ECX,DWORD [EDX+EAX*1]
   393 00000301 8A 14 3E                        	MOV	DL,BYTE [ESI+EDI*1]
   394 00000304 84 D2                           	TEST	DL,DL
   395 00000306 79 02                           	JNS	L35
   396 00000308 88 19                           	MOV	BYTE [ECX],BL
   397 0000030A                                 L35:
   398 0000030A 88 D0                           	MOV	AL,DL
   399 0000030C 83 E0 40                        	AND	EAX,64
   400 0000030F 84 C0                           	TEST	AL,AL
   401 00000311 74 03                           	JE	L36
   402 00000313 88 59 01                        	MOV	BYTE [1+ECX],BL
   403 00000316                                 L36:
   404 00000316 88 D0                           	MOV	AL,DL
   405 00000318 83 E0 20                        	AND	EAX,32
   406 0000031B 84 C0                           	TEST	AL,AL
   407 0000031D 74 03                           	JE	L37
   408 0000031F 88 59 02                        	MOV	BYTE [2+ECX],BL
   409 00000322                                 L37:
   410 00000322 88 D0                           	MOV	AL,DL
   411 00000324 83 E0 10                        	AND	EAX,16
   412 00000327 84 C0                           	TEST	AL,AL
   413 00000329 74 03                           	JE	L38
   414 0000032B 88 59 03                        	MOV	BYTE [3+ECX],BL
   415 0000032E                                 L38:
   416 0000032E 88 D0                           	MOV	AL,DL
   417 00000330 83 E0 08                        	AND	EAX,8
   418 00000333 84 C0                           	TEST	AL,AL
   419 00000335 74 03                           	JE	L39
   420 00000337 88 59 04                        	MOV	BYTE [4+ECX],BL
   421 0000033A                                 L39:
   422 0000033A 88 D0                           	MOV	AL,DL
   423 0000033C 83 E0 04                        	AND	EAX,4
   424 0000033F 84 C0                           	TEST	AL,AL
   425 00000341 74 03                           	JE	L40
   426 00000343 88 59 05                        	MOV	BYTE [5+ECX],BL
   427 00000346                                 L40:
   428 00000346 88 D0                           	MOV	AL,DL
   429 00000348 83 E0 02                        	AND	EAX,2
   430 0000034B 84 C0                           	TEST	AL,AL
   431 0000034D 74 03                           	JE	L41
   432 0000034F 88 59 06                        	MOV	BYTE [6+ECX],BL
   433 00000352                                 L41:
   434 00000352 83 E2 01                        	AND	EDX,1
   435 00000355 84 D2                           	TEST	DL,DL
   436 00000357 74 03                           	JE	L33
   437 00000359 88 59 07                        	MOV	BYTE [7+ECX],BL
   438 0000035C                                 L33:
   439 0000035C 46                              	INC	ESI
   440 0000035D 83 FE 0F                        	CMP	ESI,15
   441 00000360 7E 8D                           	JLE	L43
   442 00000362 5B                              	POP	EBX
   443 00000363 5E                              	POP	ESI
   444 00000364 5F                              	POP	EDI
   445 00000365 5D                              	POP	EBP
   446 00000366 C3                              	RET
   447 00000367                                 	GLOBAL	_putfonts8_asc
   448 00000367                                 _putfonts8_asc:
   449 00000367 55                              	PUSH	EBP
   450 00000368 89 E5                           	MOV	EBP,ESP
   451 0000036A 57                              	PUSH	EDI
   452 0000036B 56                              	PUSH	ESI
   453 0000036C 53                              	PUSH	EBX
   454 0000036D 50                              	PUSH	EAX
   455 0000036E 8B 5D 1C                        	MOV	EBX,DWORD [28+EBP]
   456 00000371 8A 45 18                        	MOV	AL,BYTE [24+EBP]
   457 00000374 88 45 F3                        	MOV	BYTE [-13+EBP],AL
   458 00000377 8B 75 10                        	MOV	ESI,DWORD [16+EBP]
   459 0000037A 8B 7D 14                        	MOV	EDI,DWORD [20+EBP]
   460 0000037D 80 3B 00                        	CMP	BYTE [EBX],0
   461 00000380 75 08                           	JNE	L51
   462 00000382                                 L53:
   463 00000382 8D 65 F4                        	LEA	ESP,DWORD [-12+EBP]
   464 00000385 5B                              	POP	EBX
   465 00000386 5E                              	POP	ESI
   466 00000387 5F                              	POP	EDI
   467 00000388 5D                              	POP	EBP
   468 00000389 C3                              	RET
   469 0000038A                                 L51:
   470 0000038A 0F B6 03                        	MOVZX	EAX,BYTE [EBX]
   471 0000038D C1 E0 04                        	SAL	EAX,4
   472 00000390 43                              	INC	EBX
   473 00000391 05 [00000000]                   	ADD	EAX,_hankaku
   474 00000396 50                              	PUSH	EAX
   475 00000397 0F BE 45 F3                     	MOVSX	EAX,BYTE [-13+EBP]
   476 0000039B 50                              	PUSH	EAX
   477 0000039C 57                              	PUSH	EDI
   478 0000039D 56                              	PUSH	ESI
   479 0000039E 83 C6 08                        	ADD	ESI,8
   480 000003A1 FF 75 0C                        	PUSH	DWORD [12+EBP]
   481 000003A4 FF 75 08                        	PUSH	DWORD [8+EBP]
   482 000003A7 E8 FFFFFF35                     	CALL	_putfont8
   483 000003AC 83 C4 18                        	ADD	ESP,24
   484 000003AF 80 3B 00                        	CMP	BYTE [EBX],0
   485 000003B2 75 D6                           	JNE	L51
   486 000003B4 EB CC                           	JMP	L53
