     1 00000000                                 [FORMAT "WCOFF"]
     2 00000000                                 [INSTRSET "i486p"]
     3 00000000                                 [OPTIMIZE 1]
     4 00000000                                 [OPTION 1]
     5 00000000                                 [BITS 32]
     6 00000000                                 	EXTERN	_io_hlt
     7 00000000                                 	EXTERN	_io_load_eflags
     8 00000000                                 	EXTERN	_io_cli
     9 00000000                                 	EXTERN	_io_out8
    10 00000000                                 	EXTERN	_io_store_eflags
    11 00000000                                 [FILE "bootpack.c"]
    12                                          [SECTION .text]
    13 00000000                                 	GLOBAL	_HariMain
    14 00000000                                 _HariMain:
    15 00000000 55                              	PUSH	EBP
    16 00000001 89 E5                           	MOV	EBP,ESP
    17 00000003 E8 00000025                     	CALL	_init_palette
    18 00000008 0F BF 05 00000FF6               	MOVSX	EAX,WORD [4086]
    19 0000000F 0F BF 15 00000FF4               	MOVSX	EDX,WORD [4084]
    20 00000016 50                              	PUSH	EAX
    21 00000017 52                              	PUSH	EDX
    22 00000018 FF 35 00000FF8                  	PUSH	DWORD [4088]
    23 0000001E E8 000000F4                     	CALL	_init_screen
    24 00000023 83 C4 0C                        	ADD	ESP,12
    25 00000026                                 L2:
    26 00000026 E8 [00000000]                   	CALL	_io_hlt
    27 0000002B EB F9                           	JMP	L2
    28                                          [SECTION .data]
    29 00000000                                 _table_rgb.0:
    30 00000000 00                              	DB	0
    31 00000001 00                              	DB	0
    32 00000002 00                              	DB	0
    33 00000003 FF                              	DB	-1
    34 00000004 00                              	DB	0
    35 00000005 00                              	DB	0
    36 00000006 00                              	DB	0
    37 00000007 FF                              	DB	-1
    38 00000008 00                              	DB	0
    39 00000009 FF                              	DB	-1
    40 0000000A FF                              	DB	-1
    41 0000000B 00                              	DB	0
    42 0000000C 00                              	DB	0
    43 0000000D 00                              	DB	0
    44 0000000E FF                              	DB	-1
    45 0000000F FF                              	DB	-1
    46 00000010 00                              	DB	0
    47 00000011 FF                              	DB	-1
    48 00000012 00                              	DB	0
    49 00000013 FF                              	DB	-1
    50 00000014 FF                              	DB	-1
    51 00000015 FF                              	DB	-1
    52 00000016 FF                              	DB	-1
    53 00000017 FF                              	DB	-1
    54 00000018 C6                              	DB	-58
    55 00000019 C6                              	DB	-58
    56 0000001A C6                              	DB	-58
    57 0000001B 84                              	DB	-124
    58 0000001C 00                              	DB	0
    59 0000001D 00                              	DB	0
    60 0000001E 00                              	DB	0
    61 0000001F 84                              	DB	-124
    62 00000020 00                              	DB	0
    63 00000021 84                              	DB	-124
    64 00000022 84                              	DB	-124
    65 00000023 00                              	DB	0
    66 00000024 00                              	DB	0
    67 00000025 00                              	DB	0
    68 00000026 84                              	DB	-124
    69 00000027 84                              	DB	-124
    70 00000028 00                              	DB	0
    71 00000029 84                              	DB	-124
    72 0000002A 00                              	DB	0
    73 0000002B 84                              	DB	-124
    74 0000002C 84                              	DB	-124
    75 0000002D 84                              	DB	-124
    76 0000002E 84                              	DB	-124
    77 0000002F 84                              	DB	-124
    78                                          [SECTION .text]
    79 0000002D                                 	GLOBAL	_init_palette
    80 0000002D                                 _init_palette:
    81 0000002D 55                              	PUSH	EBP
    82 0000002E 89 E5                           	MOV	EBP,ESP
    83 00000030 68 [00000000]                   	PUSH	_table_rgb.0
    84 00000035 6A 0F                           	PUSH	15
    85 00000037 6A 00                           	PUSH	0
    86 00000039 E8 00000002                     	CALL	_set_palette
    87 0000003E C9                              	LEAVE
    88 0000003F C3                              	RET
    89 00000040                                 	GLOBAL	_set_palette
    90 00000040                                 _set_palette:
    91 00000040 55                              	PUSH	EBP
    92 00000041 89 E5                           	MOV	EBP,ESP
    93 00000043 57                              	PUSH	EDI
    94 00000044 56                              	PUSH	ESI
    95 00000045 53                              	PUSH	EBX
    96 00000046 51                              	PUSH	ECX
    97 00000047 8B 5D 08                        	MOV	EBX,DWORD [8+EBP]
    98 0000004A 8B 7D 0C                        	MOV	EDI,DWORD [12+EBP]
    99 0000004D 8B 75 10                        	MOV	ESI,DWORD [16+EBP]
   100 00000050 E8 [00000000]                   	CALL	_io_load_eflags
   101 00000055 89 45 F0                        	MOV	DWORD [-16+EBP],EAX
   102 00000058 E8 [00000000]                   	CALL	_io_cli
   103 0000005D 53                              	PUSH	EBX
   104 0000005E 68 000003C8                     	PUSH	968
   105 00000063 E8 [00000000]                   	CALL	_io_out8
   106 00000068 85 FF                           	TEST	EDI,EDI
   107 0000006A 58                              	POP	EAX
   108 0000006B 5A                              	POP	EDX
   109 0000006C 7E 46                           	JLE	L13
   110 0000006E 89 FB                           	MOV	EBX,EDI
   111 00000070                                 L11:
   112 00000070 8A 06                           	MOV	AL,BYTE [ESI]
   113 00000072 C0 E8 02                        	SHR	AL,2
   114 00000075 0F B6 C0                        	MOVZX	EAX,AL
   115 00000078 50                              	PUSH	EAX
   116 00000079 68 000003C9                     	PUSH	969
   117 0000007E E8 [00000000]                   	CALL	_io_out8
   118 00000083 8A 46 01                        	MOV	AL,BYTE [1+ESI]
   119 00000086 C0 E8 02                        	SHR	AL,2
   120 00000089 0F B6 C0                        	MOVZX	EAX,AL
   121 0000008C 50                              	PUSH	EAX
   122 0000008D 68 000003C9                     	PUSH	969
   123 00000092 E8 [00000000]                   	CALL	_io_out8
   124 00000097 8A 46 02                        	MOV	AL,BYTE [2+ESI]
   125 0000009A C0 E8 02                        	SHR	AL,2
   126 0000009D 83 C6 03                        	ADD	ESI,3
   127 000000A0 0F B6 C0                        	MOVZX	EAX,AL
   128 000000A3 50                              	PUSH	EAX
   129 000000A4 68 000003C9                     	PUSH	969
   130 000000A9 E8 [00000000]                   	CALL	_io_out8
   131 000000AE 83 C4 18                        	ADD	ESP,24
   132 000000B1 4B                              	DEC	EBX
   133 000000B2 75 BC                           	JNE	L11
   134 000000B4                                 L13:
   135 000000B4 8B 45 F0                        	MOV	EAX,DWORD [-16+EBP]
   136 000000B7 89 45 08                        	MOV	DWORD [8+EBP],EAX
   137 000000BA 8D 65 F4                        	LEA	ESP,DWORD [-12+EBP]
   138 000000BD 5B                              	POP	EBX
   139 000000BE 5E                              	POP	ESI
   140 000000BF 5F                              	POP	EDI
   141 000000C0 5D                              	POP	EBP
   142 000000C1 E9 [00000000]                   	JMP	_io_store_eflags
   143 000000C6                                 	GLOBAL	_boxfill8
   144 000000C6                                 _boxfill8:
   145 000000C6 55                              	PUSH	EBP
   146 000000C7 89 E5                           	MOV	EBP,ESP
   147 000000C9 57                              	PUSH	EDI
   148 000000CA 56                              	PUSH	ESI
   149 000000CB 53                              	PUSH	EBX
   150 000000CC 57                              	PUSH	EDI
   151 000000CD 57                              	PUSH	EDI
   152 000000CE 8A 45 10                        	MOV	AL,BYTE [16+EBP]
   153 000000D1 8B 4D 18                        	MOV	ECX,DWORD [24+EBP]
   154 000000D4 8B 7D 1C                        	MOV	EDI,DWORD [28+EBP]
   155 000000D7 88 45 F3                        	MOV	BYTE [-13+EBP],AL
   156 000000DA 3B 4D 20                        	CMP	ECX,DWORD [32+EBP]
   157 000000DD 7F 31                           	JG	L26
   158 000000DF 8B 5D 0C                        	MOV	EBX,DWORD [12+EBP]
   159 000000E2 0F AF D9                        	IMUL	EBX,ECX
   160 000000E5                                 L24:
   161 000000E5 8B 55 14                        	MOV	EDX,DWORD [20+EBP]
   162 000000E8 39 FA                           	CMP	EDX,EDI
   163 000000EA 7F 1B                           	JG	L28
   164 000000EC 8B 75 08                        	MOV	ESI,DWORD [8+EBP]
   165 000000EF 01 DE                           	ADD	ESI,EBX
   166 000000F1 01 D6                           	ADD	ESI,EDX
   167 000000F3 89 75 EC                        	MOV	DWORD [-20+EBP],ESI
   168 000000F6                                 L23:
   169 000000F6 8B 75 EC                        	MOV	ESI,DWORD [-20+EBP]
   170 000000F9 8A 45 F3                        	MOV	AL,BYTE [-13+EBP]
   171 000000FC 42                              	INC	EDX
   172 000000FD 88 06                           	MOV	BYTE [ESI],AL
   173 000000FF 46                              	INC	ESI
   174 00000100 89 75 EC                        	MOV	DWORD [-20+EBP],ESI
   175 00000103 39 FA                           	CMP	EDX,EDI
   176 00000105 7E EF                           	JLE	L23
   177 00000107                                 L28:
   178 00000107 41                              	INC	ECX
   179 00000108 03 5D 0C                        	ADD	EBX,DWORD [12+EBP]
   180 0000010B 3B 4D 20                        	CMP	ECX,DWORD [32+EBP]
   181 0000010E 7E D5                           	JLE	L24
   182 00000110                                 L26:
   183 00000110 5B                              	POP	EBX
   184 00000111 5E                              	POP	ESI
   185 00000112 5B                              	POP	EBX
   186 00000113 5E                              	POP	ESI
   187 00000114 5F                              	POP	EDI
   188 00000115 5D                              	POP	EBP
   189 00000116 C3                              	RET
   190 00000117                                 	GLOBAL	_init_screen
   191 00000117                                 _init_screen:
   192 00000117 55                              	PUSH	EBP
   193 00000118 89 E5                           	MOV	EBP,ESP
   194 0000011A 57                              	PUSH	EDI
   195 0000011B 56                              	PUSH	ESI
   196 0000011C 53                              	PUSH	EBX
   197 0000011D 83 EC 0C                        	SUB	ESP,12
   198 00000120 8B 45 10                        	MOV	EAX,DWORD [16+EBP]
   199 00000123 8B 7D 0C                        	MOV	EDI,DWORD [12+EBP]
   200 00000126 83 E8 1D                        	SUB	EAX,29
   201 00000129 4F                              	DEC	EDI
   202 0000012A 50                              	PUSH	EAX
   203 0000012B 57                              	PUSH	EDI
   204 0000012C 6A 00                           	PUSH	0
   205 0000012E 6A 00                           	PUSH	0
   206 00000130 6A 0E                           	PUSH	14
   207 00000132 FF 75 0C                        	PUSH	DWORD [12+EBP]
   208 00000135 FF 75 08                        	PUSH	DWORD [8+EBP]
   209 00000138 E8 FFFFFF89                     	CALL	_boxfill8
   210 0000013D 8B 45 10                        	MOV	EAX,DWORD [16+EBP]
   211 00000140 83 E8 1C                        	SUB	EAX,28
   212 00000143 50                              	PUSH	EAX
   213 00000144 57                              	PUSH	EDI
   214 00000145 50                              	PUSH	EAX
   215 00000146 6A 00                           	PUSH	0
   216 00000148 6A 08                           	PUSH	8
   217 0000014A FF 75 0C                        	PUSH	DWORD [12+EBP]
   218 0000014D FF 75 08                        	PUSH	DWORD [8+EBP]
   219 00000150 E8 FFFFFF71                     	CALL	_boxfill8
   220 00000155 8B 45 10                        	MOV	EAX,DWORD [16+EBP]
   221 00000158 83 C4 38                        	ADD	ESP,56
   222 0000015B 83 E8 1B                        	SUB	EAX,27
   223 0000015E 50                              	PUSH	EAX
   224 0000015F 57                              	PUSH	EDI
   225 00000160 50                              	PUSH	EAX
   226 00000161 6A 00                           	PUSH	0
   227 00000163 6A 07                           	PUSH	7
   228 00000165 FF 75 0C                        	PUSH	DWORD [12+EBP]
   229 00000168 FF 75 08                        	PUSH	DWORD [8+EBP]
   230 0000016B E8 FFFFFF56                     	CALL	_boxfill8
   231 00000170 8B 45 10                        	MOV	EAX,DWORD [16+EBP]
   232 00000173 48                              	DEC	EAX
   233 00000174 50                              	PUSH	EAX
   234 00000175 8B 45 10                        	MOV	EAX,DWORD [16+EBP]
   235 00000178 57                              	PUSH	EDI
   236 00000179 83 E8 1A                        	SUB	EAX,26
   237 0000017C 50                              	PUSH	EAX
   238 0000017D 6A 00                           	PUSH	0
   239 0000017F 6A 08                           	PUSH	8
   240 00000181 FF 75 0C                        	PUSH	DWORD [12+EBP]
   241 00000184 FF 75 08                        	PUSH	DWORD [8+EBP]
   242 00000187 E8 FFFFFF3A                     	CALL	_boxfill8
   243 0000018C 8B 75 10                        	MOV	ESI,DWORD [16+EBP]
   244 0000018F 83 C4 38                        	ADD	ESP,56
   245 00000192 83 EE 18                        	SUB	ESI,24
   246 00000195 56                              	PUSH	ESI
   247 00000196 6A 3B                           	PUSH	59
   248 00000198 56                              	PUSH	ESI
   249 00000199 6A 03                           	PUSH	3
   250 0000019B 6A 07                           	PUSH	7
   251 0000019D FF 75 0C                        	PUSH	DWORD [12+EBP]
   252 000001A0 FF 75 08                        	PUSH	DWORD [8+EBP]
   253 000001A3 E8 FFFFFF1E                     	CALL	_boxfill8
   254 000001A8 8B 45 10                        	MOV	EAX,DWORD [16+EBP]
   255 000001AB 83 E8 04                        	SUB	EAX,4
   256 000001AE 50                              	PUSH	EAX
   257 000001AF 89 45 F0                        	MOV	DWORD [-16+EBP],EAX
   258 000001B2 6A 02                           	PUSH	2
   259 000001B4 56                              	PUSH	ESI
   260 000001B5 6A 02                           	PUSH	2
   261 000001B7 6A 07                           	PUSH	7
   262 000001B9 FF 75 0C                        	PUSH	DWORD [12+EBP]
   263 000001BC FF 75 08                        	PUSH	DWORD [8+EBP]
   264 000001BF E8 FFFFFF02                     	CALL	_boxfill8
   265 000001C4 83 C4 38                        	ADD	ESP,56
   266 000001C7 FF 75 F0                        	PUSH	DWORD [-16+EBP]
   267 000001CA 6A 3B                           	PUSH	59
   268 000001CC FF 75 F0                        	PUSH	DWORD [-16+EBP]
   269 000001CF 6A 03                           	PUSH	3
   270 000001D1 6A 0F                           	PUSH	15
   271 000001D3 FF 75 0C                        	PUSH	DWORD [12+EBP]
   272 000001D6 FF 75 08                        	PUSH	DWORD [8+EBP]
   273 000001D9 E8 FFFFFEE8                     	CALL	_boxfill8
   274 000001DE 8B 45 10                        	MOV	EAX,DWORD [16+EBP]
   275 000001E1 83 E8 05                        	SUB	EAX,5
   276 000001E4 50                              	PUSH	EAX
   277 000001E5 8B 45 10                        	MOV	EAX,DWORD [16+EBP]
   278 000001E8 6A 3B                           	PUSH	59
   279 000001EA 83 E8 17                        	SUB	EAX,23
   280 000001ED 50                              	PUSH	EAX
   281 000001EE 89 45 EC                        	MOV	DWORD [-20+EBP],EAX
   282 000001F1 6A 3B                           	PUSH	59
   283 000001F3 6A 0F                           	PUSH	15
   284 000001F5 FF 75 0C                        	PUSH	DWORD [12+EBP]
   285 000001F8 FF 75 08                        	PUSH	DWORD [8+EBP]
   286 000001FB E8 FFFFFEC6                     	CALL	_boxfill8
   287 00000200 8B 45 10                        	MOV	EAX,DWORD [16+EBP]
   288 00000203 83 C4 38                        	ADD	ESP,56
   289 00000206 83 E8 03                        	SUB	EAX,3
   290 00000209 89 45 E8                        	MOV	DWORD [-24+EBP],EAX
   291 0000020C 50                              	PUSH	EAX
   292 0000020D 6A 3B                           	PUSH	59
   293 0000020F 50                              	PUSH	EAX
   294 00000210 6A 02                           	PUSH	2
   295 00000212 6A 00                           	PUSH	0
   296 00000214 FF 75 0C                        	PUSH	DWORD [12+EBP]
   297 00000217 FF 75 08                        	PUSH	DWORD [8+EBP]
   298 0000021A E8 FFFFFEA7                     	CALL	_boxfill8
   299 0000021F FF 75 E8                        	PUSH	DWORD [-24+EBP]
   300 00000222 6A 3C                           	PUSH	60
   301 00000224 56                              	PUSH	ESI
   302 00000225 6A 3C                           	PUSH	60
   303 00000227 6A 00                           	PUSH	0
   304 00000229 FF 75 0C                        	PUSH	DWORD [12+EBP]
   305 0000022C FF 75 08                        	PUSH	DWORD [8+EBP]
   306 0000022F E8 FFFFFE92                     	CALL	_boxfill8
   307 00000234 8B 7D 0C                        	MOV	EDI,DWORD [12+EBP]
   308 00000237 83 C4 38                        	ADD	ESP,56
   309 0000023A 8B 5D 0C                        	MOV	EBX,DWORD [12+EBP]
   310 0000023D 83 EB 04                        	SUB	EBX,4
   311 00000240 83 EF 2F                        	SUB	EDI,47
   312 00000243 56                              	PUSH	ESI
   313 00000244 53                              	PUSH	EBX
   314 00000245 56                              	PUSH	ESI
   315 00000246 57                              	PUSH	EDI
   316 00000247 6A 0F                           	PUSH	15
   317 00000249 FF 75 0C                        	PUSH	DWORD [12+EBP]
   318 0000024C FF 75 08                        	PUSH	DWORD [8+EBP]
   319 0000024F E8 FFFFFE72                     	CALL	_boxfill8
   320 00000254 FF 75 F0                        	PUSH	DWORD [-16+EBP]
   321 00000257 57                              	PUSH	EDI
   322 00000258 FF 75 EC                        	PUSH	DWORD [-20+EBP]
   323 0000025B 57                              	PUSH	EDI
   324 0000025C 6A 0F                           	PUSH	15
   325 0000025E FF 75 0C                        	PUSH	DWORD [12+EBP]
   326 00000261 FF 75 08                        	PUSH	DWORD [8+EBP]
   327 00000264 E8 FFFFFE5D                     	CALL	_boxfill8
   328 00000269 83 C4 38                        	ADD	ESP,56
   329 0000026C FF 75 E8                        	PUSH	DWORD [-24+EBP]
   330 0000026F 53                              	PUSH	EBX
   331 00000270 FF 75 E8                        	PUSH	DWORD [-24+EBP]
   332 00000273 57                              	PUSH	EDI
   333 00000274 6A 07                           	PUSH	7
   334 00000276 FF 75 0C                        	PUSH	DWORD [12+EBP]
   335 00000279 FF 75 08                        	PUSH	DWORD [8+EBP]
   336 0000027C E8 FFFFFE45                     	CALL	_boxfill8
   337 00000281 8B 45 0C                        	MOV	EAX,DWORD [12+EBP]
   338 00000284 FF 75 E8                        	PUSH	DWORD [-24+EBP]
   339 00000287 83 E8 03                        	SUB	EAX,3
   340 0000028A 50                              	PUSH	EAX
   341 0000028B 56                              	PUSH	ESI
   342 0000028C 50                              	PUSH	EAX
   343 0000028D 6A 07                           	PUSH	7
   344 0000028F FF 75 0C                        	PUSH	DWORD [12+EBP]
   345 00000292 FF 75 08                        	PUSH	DWORD [8+EBP]
   346 00000295 E8 FFFFFE2C                     	CALL	_boxfill8
   347 0000029A 8D 65 F4                        	LEA	ESP,DWORD [-12+EBP]
   348 0000029D 5B                              	POP	EBX
   349 0000029E 5E                              	POP	ESI
   350 0000029F 5F                              	POP	EDI
   351 000002A0 5D                              	POP	EBP
   352 000002A1 C3                              	RET
