     1 00000000                                 [FORMAT "WCOFF"]
     2 00000000                                 [INSTRSET "i486p"]
     3 00000000                                 [OPTIMIZE 1]
     4 00000000                                 [OPTION 1]
     5 00000000                                 [BITS 32]
     6 00000000                                 	EXTERN	_io_hlt
     7 00000000                                 	EXTERN	_io_load_eflags
     8 00000000                                 	EXTERN	_io_cli
     9 00000000                                 	EXTERN	_io_out8
    10 00000000                                 	EXTERN	_io_store_eflags
    11 00000000                                 [FILE "bootpack.c"]
    12                                          [SECTION .text]
    13 00000000                                 	GLOBAL	_HariMain
    14 00000000                                 _HariMain:
    15 00000000 55                              	PUSH	EBP
    16 00000001 89 E5                           	MOV	EBP,ESP
    17 00000003 E8 00000064                     	CALL	_init_palette
    18 00000008 6A 78                           	PUSH	120
    19 0000000A 6A 78                           	PUSH	120
    20 0000000C 6A 14                           	PUSH	20
    21 0000000E 6A 14                           	PUSH	20
    22 00000010 6A 01                           	PUSH	1
    23 00000012 68 00000140                     	PUSH	320
    24 00000017 68 000A0000                     	PUSH	655360
    25 0000001C E8 000000E4                     	CALL	_boxfill8
    26 00000021 68 00000096                     	PUSH	150
    27 00000026 68 000000AA                     	PUSH	170
    28 0000002B 6A 32                           	PUSH	50
    29 0000002D 6A 46                           	PUSH	70
    30 0000002F 6A 02                           	PUSH	2
    31 00000031 68 00000140                     	PUSH	320
    32 00000036 68 000A0000                     	PUSH	655360
    33 0000003B E8 000000C5                     	CALL	_boxfill8
    34 00000040 83 C4 38                        	ADD	ESP,56
    35 00000043 68 000000B4                     	PUSH	180
    36 00000048 68 000000DC                     	PUSH	220
    37 0000004D 6A 50                           	PUSH	80
    38 0000004F 6A 78                           	PUSH	120
    39 00000051 6A 04                           	PUSH	4
    40 00000053 68 00000140                     	PUSH	320
    41 00000058 68 000A0000                     	PUSH	655360
    42 0000005D E8 000000A3                     	CALL	_boxfill8
    43 00000062 83 C4 1C                        	ADD	ESP,28
    44 00000065                                 L2:
    45 00000065 E8 [00000000]                   	CALL	_io_hlt
    46 0000006A EB F9                           	JMP	L2
    47                                          [SECTION .data]
    48 00000000                                 _table_rgb.0:
    49 00000000 00                              	DB	0
    50 00000001 00                              	DB	0
    51 00000002 00                              	DB	0
    52 00000003 FF                              	DB	-1
    53 00000004 00                              	DB	0
    54 00000005 00                              	DB	0
    55 00000006 00                              	DB	0
    56 00000007 FF                              	DB	-1
    57 00000008 00                              	DB	0
    58 00000009 FF                              	DB	-1
    59 0000000A FF                              	DB	-1
    60 0000000B 00                              	DB	0
    61 0000000C 00                              	DB	0
    62 0000000D 00                              	DB	0
    63 0000000E FF                              	DB	-1
    64 0000000F FF                              	DB	-1
    65 00000010 00                              	DB	0
    66 00000011 FF                              	DB	-1
    67 00000012 00                              	DB	0
    68 00000013 FF                              	DB	-1
    69 00000014 FF                              	DB	-1
    70 00000015 FF                              	DB	-1
    71 00000016 FF                              	DB	-1
    72 00000017 FF                              	DB	-1
    73 00000018 C6                              	DB	-58
    74 00000019 C6                              	DB	-58
    75 0000001A C6                              	DB	-58
    76 0000001B 84                              	DB	-124
    77 0000001C 00                              	DB	0
    78 0000001D 00                              	DB	0
    79 0000001E 00                              	DB	0
    80 0000001F 84                              	DB	-124
    81 00000020 00                              	DB	0
    82 00000021 84                              	DB	-124
    83 00000022 84                              	DB	-124
    84 00000023 00                              	DB	0
    85 00000024 00                              	DB	0
    86 00000025 00                              	DB	0
    87 00000026 84                              	DB	-124
    88 00000027 84                              	DB	-124
    89 00000028 00                              	DB	0
    90 00000029 84                              	DB	-124
    91 0000002A 00                              	DB	0
    92 0000002B 84                              	DB	-124
    93 0000002C 84                              	DB	-124
    94 0000002D 84                              	DB	-124
    95 0000002E 84                              	DB	-124
    96 0000002F 84                              	DB	-124
    97                                          [SECTION .text]
    98 0000006C                                 	GLOBAL	_init_palette
    99 0000006C                                 _init_palette:
   100 0000006C 55                              	PUSH	EBP
   101 0000006D 89 E5                           	MOV	EBP,ESP
   102 0000006F 68 [00000000]                   	PUSH	_table_rgb.0
   103 00000074 6A 0F                           	PUSH	15
   104 00000076 6A 00                           	PUSH	0
   105 00000078 E8 00000002                     	CALL	_set_palette
   106 0000007D C9                              	LEAVE
   107 0000007E C3                              	RET
   108 0000007F                                 	GLOBAL	_set_palette
   109 0000007F                                 _set_palette:
   110 0000007F 55                              	PUSH	EBP
   111 00000080 89 E5                           	MOV	EBP,ESP
   112 00000082 57                              	PUSH	EDI
   113 00000083 56                              	PUSH	ESI
   114 00000084 53                              	PUSH	EBX
   115 00000085 51                              	PUSH	ECX
   116 00000086 8B 5D 08                        	MOV	EBX,DWORD [8+EBP]
   117 00000089 8B 7D 0C                        	MOV	EDI,DWORD [12+EBP]
   118 0000008C 8B 75 10                        	MOV	ESI,DWORD [16+EBP]
   119 0000008F E8 [00000000]                   	CALL	_io_load_eflags
   120 00000094 89 45 F0                        	MOV	DWORD [-16+EBP],EAX
   121 00000097 E8 [00000000]                   	CALL	_io_cli
   122 0000009C 53                              	PUSH	EBX
   123 0000009D 68 000003C8                     	PUSH	968
   124 000000A2 E8 [00000000]                   	CALL	_io_out8
   125 000000A7 85 FF                           	TEST	EDI,EDI
   126 000000A9 58                              	POP	EAX
   127 000000AA 5A                              	POP	EDX
   128 000000AB 7E 46                           	JLE	L13
   129 000000AD 89 FB                           	MOV	EBX,EDI
   130 000000AF                                 L11:
   131 000000AF 8A 06                           	MOV	AL,BYTE [ESI]
   132 000000B1 C0 E8 02                        	SHR	AL,2
   133 000000B4 0F B6 C0                        	MOVZX	EAX,AL
   134 000000B7 50                              	PUSH	EAX
   135 000000B8 68 000003C9                     	PUSH	969
   136 000000BD E8 [00000000]                   	CALL	_io_out8
   137 000000C2 8A 46 01                        	MOV	AL,BYTE [1+ESI]
   138 000000C5 C0 E8 02                        	SHR	AL,2
   139 000000C8 0F B6 C0                        	MOVZX	EAX,AL
   140 000000CB 50                              	PUSH	EAX
   141 000000CC 68 000003C9                     	PUSH	969
   142 000000D1 E8 [00000000]                   	CALL	_io_out8
   143 000000D6 8A 46 02                        	MOV	AL,BYTE [2+ESI]
   144 000000D9 C0 E8 02                        	SHR	AL,2
   145 000000DC 83 C6 03                        	ADD	ESI,3
   146 000000DF 0F B6 C0                        	MOVZX	EAX,AL
   147 000000E2 50                              	PUSH	EAX
   148 000000E3 68 000003C9                     	PUSH	969
   149 000000E8 E8 [00000000]                   	CALL	_io_out8
   150 000000ED 83 C4 18                        	ADD	ESP,24
   151 000000F0 4B                              	DEC	EBX
   152 000000F1 75 BC                           	JNE	L11
   153 000000F3                                 L13:
   154 000000F3 8B 45 F0                        	MOV	EAX,DWORD [-16+EBP]
   155 000000F6 89 45 08                        	MOV	DWORD [8+EBP],EAX
   156 000000F9 8D 65 F4                        	LEA	ESP,DWORD [-12+EBP]
   157 000000FC 5B                              	POP	EBX
   158 000000FD 5E                              	POP	ESI
   159 000000FE 5F                              	POP	EDI
   160 000000FF 5D                              	POP	EBP
   161 00000100 E9 [00000000]                   	JMP	_io_store_eflags
   162 00000105                                 	GLOBAL	_boxfill8
   163 00000105                                 _boxfill8:
   164 00000105 55                              	PUSH	EBP
   165 00000106 89 E5                           	MOV	EBP,ESP
   166 00000108 57                              	PUSH	EDI
   167 00000109 56                              	PUSH	ESI
   168 0000010A 53                              	PUSH	EBX
   169 0000010B 57                              	PUSH	EDI
   170 0000010C 57                              	PUSH	EDI
   171 0000010D 8A 45 10                        	MOV	AL,BYTE [16+EBP]
   172 00000110 8B 4D 18                        	MOV	ECX,DWORD [24+EBP]
   173 00000113 8B 7D 1C                        	MOV	EDI,DWORD [28+EBP]
   174 00000116 88 45 F3                        	MOV	BYTE [-13+EBP],AL
   175 00000119 3B 4D 20                        	CMP	ECX,DWORD [32+EBP]
   176 0000011C 7F 31                           	JG	L26
   177 0000011E 8B 5D 0C                        	MOV	EBX,DWORD [12+EBP]
   178 00000121 0F AF D9                        	IMUL	EBX,ECX
   179 00000124                                 L24:
   180 00000124 8B 55 14                        	MOV	EDX,DWORD [20+EBP]
   181 00000127 39 FA                           	CMP	EDX,EDI
   182 00000129 7F 1B                           	JG	L28
   183 0000012B 8B 75 08                        	MOV	ESI,DWORD [8+EBP]
   184 0000012E 01 DE                           	ADD	ESI,EBX
   185 00000130 01 D6                           	ADD	ESI,EDX
   186 00000132 89 75 EC                        	MOV	DWORD [-20+EBP],ESI
   187 00000135                                 L23:
   188 00000135 8B 75 EC                        	MOV	ESI,DWORD [-20+EBP]
   189 00000138 8A 45 F3                        	MOV	AL,BYTE [-13+EBP]
   190 0000013B 42                              	INC	EDX
   191 0000013C 88 06                           	MOV	BYTE [ESI],AL
   192 0000013E 46                              	INC	ESI
   193 0000013F 89 75 EC                        	MOV	DWORD [-20+EBP],ESI
   194 00000142 39 FA                           	CMP	EDX,EDI
   195 00000144 7E EF                           	JLE	L23
   196 00000146                                 L28:
   197 00000146 41                              	INC	ECX
   198 00000147 03 5D 0C                        	ADD	EBX,DWORD [12+EBP]
   199 0000014A 3B 4D 20                        	CMP	ECX,DWORD [32+EBP]
   200 0000014D 7E D5                           	JLE	L24
   201 0000014F                                 L26:
   202 0000014F 5B                              	POP	EBX
   203 00000150 5E                              	POP	ESI
   204 00000151 5B                              	POP	EBX
   205 00000152 5E                              	POP	ESI
   206 00000153 5F                              	POP	EDI
   207 00000154 5D                              	POP	EBP
   208 00000155 C3                              	RET
