     1 00000000                                 [FORMAT "WCOFF"]
     2 00000000                                 [INSTRSET "i486p"]
     3 00000000                                 [OPTIMIZE 1]
     4 00000000                                 [OPTION 1]
     5 00000000                                 [BITS 32]
     6 00000000                                 	EXTERN	_hankaku
     7 00000000                                 	EXTERN	_io_hlt
     8 00000000                                 	EXTERN	_io_load_eflags
     9 00000000                                 	EXTERN	_io_cli
    10 00000000                                 	EXTERN	_io_out8
    11 00000000                                 	EXTERN	_io_store_eflags
    12 00000000                                 [FILE "bootpack.c"]
    13                                          [SECTION .text]
    14 00000000                                 	GLOBAL	_HariMain
    15 00000000                                 _HariMain:
    16 00000000 55                              	PUSH	EBP
    17 00000001 89 E5                           	MOV	EBP,ESP
    18 00000003 E8 000000E2                     	CALL	_init_palette
    19 00000008 0F BF 05 00000FF6               	MOVSX	EAX,WORD [4086]
    20 0000000F 50                              	PUSH	EAX
    21 00000010 0F BF 05 00000FF4               	MOVSX	EAX,WORD [4084]
    22 00000017 50                              	PUSH	EAX
    23 00000018 FF 35 00000FF8                  	PUSH	DWORD [4088]
    24 0000001E E8 000001B1                     	CALL	_init_screen
    25 00000023 68 [00000410]                   	PUSH	_hankaku+1040
    26 00000028 6A 07                           	PUSH	7
    27 0000002A 6A 08                           	PUSH	8
    28 0000002C 6A 08                           	PUSH	8
    29 0000002E 0F BF 05 00000FF4               	MOVSX	EAX,WORD [4084]
    30 00000035 50                              	PUSH	EAX
    31 00000036 FF 35 00000FF8                  	PUSH	DWORD [4088]
    32 0000003C E8 0000031E                     	CALL	_putfont8
    33 00000041 83 C4 24                        	ADD	ESP,36
    34 00000044 68 [00000420]                   	PUSH	_hankaku+1056
    35 00000049 6A 07                           	PUSH	7
    36 0000004B 6A 08                           	PUSH	8
    37 0000004D 6A 10                           	PUSH	16
    38 0000004F 0F BF 05 00000FF4               	MOVSX	EAX,WORD [4084]
    39 00000056 50                              	PUSH	EAX
    40 00000057 FF 35 00000FF8                  	PUSH	DWORD [4088]
    41 0000005D E8 000002FD                     	CALL	_putfont8
    42 00000062 68 [00000430]                   	PUSH	_hankaku+1072
    43 00000067 6A 07                           	PUSH	7
    44 00000069 6A 08                           	PUSH	8
    45 0000006B 6A 18                           	PUSH	24
    46 0000006D 0F BF 05 00000FF4               	MOVSX	EAX,WORD [4084]
    47 00000074 50                              	PUSH	EAX
    48 00000075 FF 35 00000FF8                  	PUSH	DWORD [4088]
    49 0000007B E8 000002DF                     	CALL	_putfont8
    50 00000080 83 C4 30                        	ADD	ESP,48
    51 00000083 68 [00000310]                   	PUSH	_hankaku+784
    52 00000088 6A 07                           	PUSH	7
    53 0000008A 6A 08                           	PUSH	8
    54 0000008C 6A 28                           	PUSH	40
    55 0000008E 0F BF 05 00000FF4               	MOVSX	EAX,WORD [4084]
    56 00000095 50                              	PUSH	EAX
    57 00000096 FF 35 00000FF8                  	PUSH	DWORD [4088]
    58 0000009C E8 000002BE                     	CALL	_putfont8
    59 000000A1 68 [00000320]                   	PUSH	_hankaku+800
    60 000000A6 6A 07                           	PUSH	7
    61 000000A8 6A 08                           	PUSH	8
    62 000000AA 6A 30                           	PUSH	48
    63 000000AC 0F BF 05 00000FF4               	MOVSX	EAX,WORD [4084]
    64 000000B3 50                              	PUSH	EAX
    65 000000B4 FF 35 00000FF8                  	PUSH	DWORD [4088]
    66 000000BA E8 000002A0                     	CALL	_putfont8
    67 000000BF 83 C4 30                        	ADD	ESP,48
    68 000000C2 68 [00000330]                   	PUSH	_hankaku+816
    69 000000C7 6A 07                           	PUSH	7
    70 000000C9 6A 08                           	PUSH	8
    71 000000CB 6A 38                           	PUSH	56
    72 000000CD 0F BF 05 00000FF4               	MOVSX	EAX,WORD [4084]
    73 000000D4 50                              	PUSH	EAX
    74 000000D5 FF 35 00000FF8                  	PUSH	DWORD [4088]
    75 000000DB E8 0000027F                     	CALL	_putfont8
    76 000000E0 83 C4 18                        	ADD	ESP,24
    77 000000E3                                 L2:
    78 000000E3 E8 [00000000]                   	CALL	_io_hlt
    79 000000E8 EB F9                           	JMP	L2
    80                                          [SECTION .data]
    81 00000000                                 _table_rgb.0:
    82 00000000 00                              	DB	0
    83 00000001 00                              	DB	0
    84 00000002 00                              	DB	0
    85 00000003 FF                              	DB	-1
    86 00000004 00                              	DB	0
    87 00000005 00                              	DB	0
    88 00000006 00                              	DB	0
    89 00000007 FF                              	DB	-1
    90 00000008 00                              	DB	0
    91 00000009 FF                              	DB	-1
    92 0000000A FF                              	DB	-1
    93 0000000B 00                              	DB	0
    94 0000000C 00                              	DB	0
    95 0000000D 00                              	DB	0
    96 0000000E FF                              	DB	-1
    97 0000000F FF                              	DB	-1
    98 00000010 00                              	DB	0
    99 00000011 FF                              	DB	-1
   100 00000012 00                              	DB	0
   101 00000013 FF                              	DB	-1
   102 00000014 FF                              	DB	-1
   103 00000015 FF                              	DB	-1
   104 00000016 FF                              	DB	-1
   105 00000017 FF                              	DB	-1
   106 00000018 C6                              	DB	-58
   107 00000019 C6                              	DB	-58
   108 0000001A C6                              	DB	-58
   109 0000001B 84                              	DB	-124
   110 0000001C 00                              	DB	0
   111 0000001D 00                              	DB	0
   112 0000001E 00                              	DB	0
   113 0000001F 84                              	DB	-124
   114 00000020 00                              	DB	0
   115 00000021 84                              	DB	-124
   116 00000022 84                              	DB	-124
   117 00000023 00                              	DB	0
   118 00000024 00                              	DB	0
   119 00000025 00                              	DB	0
   120 00000026 84                              	DB	-124
   121 00000027 84                              	DB	-124
   122 00000028 00                              	DB	0
   123 00000029 84                              	DB	-124
   124 0000002A 00                              	DB	0
   125 0000002B 84                              	DB	-124
   126 0000002C 84                              	DB	-124
   127 0000002D 84                              	DB	-124
   128 0000002E 84                              	DB	-124
   129 0000002F 84                              	DB	-124
   130                                          [SECTION .text]
   131 000000EA                                 	GLOBAL	_init_palette
   132 000000EA                                 _init_palette:
   133 000000EA 55                              	PUSH	EBP
   134 000000EB 89 E5                           	MOV	EBP,ESP
   135 000000ED 68 [00000000]                   	PUSH	_table_rgb.0
   136 000000F2 6A 0F                           	PUSH	15
   137 000000F4 6A 00                           	PUSH	0
   138 000000F6 E8 00000002                     	CALL	_set_palette
   139 000000FB C9                              	LEAVE
   140 000000FC C3                              	RET
   141 000000FD                                 	GLOBAL	_set_palette
   142 000000FD                                 _set_palette:
   143 000000FD 55                              	PUSH	EBP
   144 000000FE 89 E5                           	MOV	EBP,ESP
   145 00000100 57                              	PUSH	EDI
   146 00000101 56                              	PUSH	ESI
   147 00000102 53                              	PUSH	EBX
   148 00000103 51                              	PUSH	ECX
   149 00000104 8B 5D 08                        	MOV	EBX,DWORD [8+EBP]
   150 00000107 8B 7D 0C                        	MOV	EDI,DWORD [12+EBP]
   151 0000010A 8B 75 10                        	MOV	ESI,DWORD [16+EBP]
   152 0000010D E8 [00000000]                   	CALL	_io_load_eflags
   153 00000112 89 45 F0                        	MOV	DWORD [-16+EBP],EAX
   154 00000115 E8 [00000000]                   	CALL	_io_cli
   155 0000011A 53                              	PUSH	EBX
   156 0000011B 68 000003C8                     	PUSH	968
   157 00000120 E8 [00000000]                   	CALL	_io_out8
   158 00000125 85 FF                           	TEST	EDI,EDI
   159 00000127 58                              	POP	EAX
   160 00000128 5A                              	POP	EDX
   161 00000129 7E 46                           	JLE	L13
   162 0000012B 89 FB                           	MOV	EBX,EDI
   163 0000012D                                 L11:
   164 0000012D 8A 06                           	MOV	AL,BYTE [ESI]
   165 0000012F C0 E8 02                        	SHR	AL,2
   166 00000132 0F B6 C0                        	MOVZX	EAX,AL
   167 00000135 50                              	PUSH	EAX
   168 00000136 68 000003C9                     	PUSH	969
   169 0000013B E8 [00000000]                   	CALL	_io_out8
   170 00000140 8A 46 01                        	MOV	AL,BYTE [1+ESI]
   171 00000143 C0 E8 02                        	SHR	AL,2
   172 00000146 0F B6 C0                        	MOVZX	EAX,AL
   173 00000149 50                              	PUSH	EAX
   174 0000014A 68 000003C9                     	PUSH	969
   175 0000014F E8 [00000000]                   	CALL	_io_out8
   176 00000154 8A 46 02                        	MOV	AL,BYTE [2+ESI]
   177 00000157 C0 E8 02                        	SHR	AL,2
   178 0000015A 83 C6 03                        	ADD	ESI,3
   179 0000015D 0F B6 C0                        	MOVZX	EAX,AL
   180 00000160 50                              	PUSH	EAX
   181 00000161 68 000003C9                     	PUSH	969
   182 00000166 E8 [00000000]                   	CALL	_io_out8
   183 0000016B 83 C4 18                        	ADD	ESP,24
   184 0000016E 4B                              	DEC	EBX
   185 0000016F 75 BC                           	JNE	L11
   186 00000171                                 L13:
   187 00000171 8B 45 F0                        	MOV	EAX,DWORD [-16+EBP]
   188 00000174 89 45 08                        	MOV	DWORD [8+EBP],EAX
   189 00000177 8D 65 F4                        	LEA	ESP,DWORD [-12+EBP]
   190 0000017A 5B                              	POP	EBX
   191 0000017B 5E                              	POP	ESI
   192 0000017C 5F                              	POP	EDI
   193 0000017D 5D                              	POP	EBP
   194 0000017E E9 [00000000]                   	JMP	_io_store_eflags
   195 00000183                                 	GLOBAL	_boxfill8
   196 00000183                                 _boxfill8:
   197 00000183 55                              	PUSH	EBP
   198 00000184 89 E5                           	MOV	EBP,ESP
   199 00000186 57                              	PUSH	EDI
   200 00000187 56                              	PUSH	ESI
   201 00000188 53                              	PUSH	EBX
   202 00000189 57                              	PUSH	EDI
   203 0000018A 57                              	PUSH	EDI
   204 0000018B 8A 45 10                        	MOV	AL,BYTE [16+EBP]
   205 0000018E 8B 4D 18                        	MOV	ECX,DWORD [24+EBP]
   206 00000191 8B 7D 1C                        	MOV	EDI,DWORD [28+EBP]
   207 00000194 88 45 F3                        	MOV	BYTE [-13+EBP],AL
   208 00000197 3B 4D 20                        	CMP	ECX,DWORD [32+EBP]
   209 0000019A 7F 31                           	JG	L26
   210 0000019C 8B 5D 0C                        	MOV	EBX,DWORD [12+EBP]
   211 0000019F 0F AF D9                        	IMUL	EBX,ECX
   212 000001A2                                 L24:
   213 000001A2 8B 55 14                        	MOV	EDX,DWORD [20+EBP]
   214 000001A5 39 FA                           	CMP	EDX,EDI
   215 000001A7 7F 1B                           	JG	L28
   216 000001A9 8B 75 08                        	MOV	ESI,DWORD [8+EBP]
   217 000001AC 01 DE                           	ADD	ESI,EBX
   218 000001AE 01 D6                           	ADD	ESI,EDX
   219 000001B0 89 75 EC                        	MOV	DWORD [-20+EBP],ESI
   220 000001B3                                 L23:
   221 000001B3 8B 75 EC                        	MOV	ESI,DWORD [-20+EBP]
   222 000001B6 8A 45 F3                        	MOV	AL,BYTE [-13+EBP]
   223 000001B9 42                              	INC	EDX
   224 000001BA 88 06                           	MOV	BYTE [ESI],AL
   225 000001BC 46                              	INC	ESI
   226 000001BD 89 75 EC                        	MOV	DWORD [-20+EBP],ESI
   227 000001C0 39 FA                           	CMP	EDX,EDI
   228 000001C2 7E EF                           	JLE	L23
   229 000001C4                                 L28:
   230 000001C4 41                              	INC	ECX
   231 000001C5 03 5D 0C                        	ADD	EBX,DWORD [12+EBP]
   232 000001C8 3B 4D 20                        	CMP	ECX,DWORD [32+EBP]
   233 000001CB 7E D5                           	JLE	L24
   234 000001CD                                 L26:
   235 000001CD 5B                              	POP	EBX
   236 000001CE 5E                              	POP	ESI
   237 000001CF 5B                              	POP	EBX
   238 000001D0 5E                              	POP	ESI
   239 000001D1 5F                              	POP	EDI
   240 000001D2 5D                              	POP	EBP
   241 000001D3 C3                              	RET
   242 000001D4                                 	GLOBAL	_init_screen
   243 000001D4                                 _init_screen:
   244 000001D4 55                              	PUSH	EBP
   245 000001D5 89 E5                           	MOV	EBP,ESP
   246 000001D7 57                              	PUSH	EDI
   247 000001D8 56                              	PUSH	ESI
   248 000001D9 53                              	PUSH	EBX
   249 000001DA 83 EC 0C                        	SUB	ESP,12
   250 000001DD 8B 45 10                        	MOV	EAX,DWORD [16+EBP]
   251 000001E0 8B 7D 0C                        	MOV	EDI,DWORD [12+EBP]
   252 000001E3 83 E8 1D                        	SUB	EAX,29
   253 000001E6 4F                              	DEC	EDI
   254 000001E7 50                              	PUSH	EAX
   255 000001E8 57                              	PUSH	EDI
   256 000001E9 6A 00                           	PUSH	0
   257 000001EB 6A 00                           	PUSH	0
   258 000001ED 6A 0E                           	PUSH	14
   259 000001EF FF 75 0C                        	PUSH	DWORD [12+EBP]
   260 000001F2 FF 75 08                        	PUSH	DWORD [8+EBP]
   261 000001F5 E8 FFFFFF89                     	CALL	_boxfill8
   262 000001FA 8B 45 10                        	MOV	EAX,DWORD [16+EBP]
   263 000001FD 83 E8 1C                        	SUB	EAX,28
   264 00000200 50                              	PUSH	EAX
   265 00000201 57                              	PUSH	EDI
   266 00000202 50                              	PUSH	EAX
   267 00000203 6A 00                           	PUSH	0
   268 00000205 6A 08                           	PUSH	8
   269 00000207 FF 75 0C                        	PUSH	DWORD [12+EBP]
   270 0000020A FF 75 08                        	PUSH	DWORD [8+EBP]
   271 0000020D E8 FFFFFF71                     	CALL	_boxfill8
   272 00000212 8B 45 10                        	MOV	EAX,DWORD [16+EBP]
   273 00000215 83 C4 38                        	ADD	ESP,56
   274 00000218 83 E8 1B                        	SUB	EAX,27
   275 0000021B 50                              	PUSH	EAX
   276 0000021C 57                              	PUSH	EDI
   277 0000021D 50                              	PUSH	EAX
   278 0000021E 6A 00                           	PUSH	0
   279 00000220 6A 07                           	PUSH	7
   280 00000222 FF 75 0C                        	PUSH	DWORD [12+EBP]
   281 00000225 FF 75 08                        	PUSH	DWORD [8+EBP]
   282 00000228 E8 FFFFFF56                     	CALL	_boxfill8
   283 0000022D 8B 45 10                        	MOV	EAX,DWORD [16+EBP]
   284 00000230 48                              	DEC	EAX
   285 00000231 50                              	PUSH	EAX
   286 00000232 8B 45 10                        	MOV	EAX,DWORD [16+EBP]
   287 00000235 57                              	PUSH	EDI
   288 00000236 83 E8 1A                        	SUB	EAX,26
   289 00000239 50                              	PUSH	EAX
   290 0000023A 6A 00                           	PUSH	0
   291 0000023C 6A 08                           	PUSH	8
   292 0000023E FF 75 0C                        	PUSH	DWORD [12+EBP]
   293 00000241 FF 75 08                        	PUSH	DWORD [8+EBP]
   294 00000244 E8 FFFFFF3A                     	CALL	_boxfill8
   295 00000249 8B 75 10                        	MOV	ESI,DWORD [16+EBP]
   296 0000024C 83 C4 38                        	ADD	ESP,56
   297 0000024F 83 EE 18                        	SUB	ESI,24
   298 00000252 56                              	PUSH	ESI
   299 00000253 6A 3B                           	PUSH	59
   300 00000255 56                              	PUSH	ESI
   301 00000256 6A 03                           	PUSH	3
   302 00000258 6A 07                           	PUSH	7
   303 0000025A FF 75 0C                        	PUSH	DWORD [12+EBP]
   304 0000025D FF 75 08                        	PUSH	DWORD [8+EBP]
   305 00000260 E8 FFFFFF1E                     	CALL	_boxfill8
   306 00000265 8B 45 10                        	MOV	EAX,DWORD [16+EBP]
   307 00000268 83 E8 04                        	SUB	EAX,4
   308 0000026B 50                              	PUSH	EAX
   309 0000026C 89 45 F0                        	MOV	DWORD [-16+EBP],EAX
   310 0000026F 6A 02                           	PUSH	2
   311 00000271 56                              	PUSH	ESI
   312 00000272 6A 02                           	PUSH	2
   313 00000274 6A 07                           	PUSH	7
   314 00000276 FF 75 0C                        	PUSH	DWORD [12+EBP]
   315 00000279 FF 75 08                        	PUSH	DWORD [8+EBP]
   316 0000027C E8 FFFFFF02                     	CALL	_boxfill8
   317 00000281 83 C4 38                        	ADD	ESP,56
   318 00000284 FF 75 F0                        	PUSH	DWORD [-16+EBP]
   319 00000287 6A 3B                           	PUSH	59
   320 00000289 FF 75 F0                        	PUSH	DWORD [-16+EBP]
   321 0000028C 6A 03                           	PUSH	3
   322 0000028E 6A 0F                           	PUSH	15
   323 00000290 FF 75 0C                        	PUSH	DWORD [12+EBP]
   324 00000293 FF 75 08                        	PUSH	DWORD [8+EBP]
   325 00000296 E8 FFFFFEE8                     	CALL	_boxfill8
   326 0000029B 8B 45 10                        	MOV	EAX,DWORD [16+EBP]
   327 0000029E 83 E8 05                        	SUB	EAX,5
   328 000002A1 50                              	PUSH	EAX
   329 000002A2 8B 45 10                        	MOV	EAX,DWORD [16+EBP]
   330 000002A5 6A 3B                           	PUSH	59
   331 000002A7 83 E8 17                        	SUB	EAX,23
   332 000002AA 50                              	PUSH	EAX
   333 000002AB 89 45 EC                        	MOV	DWORD [-20+EBP],EAX
   334 000002AE 6A 3B                           	PUSH	59
   335 000002B0 6A 0F                           	PUSH	15
   336 000002B2 FF 75 0C                        	PUSH	DWORD [12+EBP]
   337 000002B5 FF 75 08                        	PUSH	DWORD [8+EBP]
   338 000002B8 E8 FFFFFEC6                     	CALL	_boxfill8
   339 000002BD 8B 45 10                        	MOV	EAX,DWORD [16+EBP]
   340 000002C0 83 C4 38                        	ADD	ESP,56
   341 000002C3 83 E8 03                        	SUB	EAX,3
   342 000002C6 89 45 E8                        	MOV	DWORD [-24+EBP],EAX
   343 000002C9 50                              	PUSH	EAX
   344 000002CA 6A 3B                           	PUSH	59
   345 000002CC 50                              	PUSH	EAX
   346 000002CD 6A 02                           	PUSH	2
   347 000002CF 6A 00                           	PUSH	0
   348 000002D1 FF 75 0C                        	PUSH	DWORD [12+EBP]
   349 000002D4 FF 75 08                        	PUSH	DWORD [8+EBP]
   350 000002D7 E8 FFFFFEA7                     	CALL	_boxfill8
   351 000002DC FF 75 E8                        	PUSH	DWORD [-24+EBP]
   352 000002DF 6A 3C                           	PUSH	60
   353 000002E1 56                              	PUSH	ESI
   354 000002E2 6A 3C                           	PUSH	60
   355 000002E4 6A 00                           	PUSH	0
   356 000002E6 FF 75 0C                        	PUSH	DWORD [12+EBP]
   357 000002E9 FF 75 08                        	PUSH	DWORD [8+EBP]
   358 000002EC E8 FFFFFE92                     	CALL	_boxfill8
   359 000002F1 8B 7D 0C                        	MOV	EDI,DWORD [12+EBP]
   360 000002F4 83 C4 38                        	ADD	ESP,56
   361 000002F7 8B 5D 0C                        	MOV	EBX,DWORD [12+EBP]
   362 000002FA 83 EB 04                        	SUB	EBX,4
   363 000002FD 83 EF 2F                        	SUB	EDI,47
   364 00000300 56                              	PUSH	ESI
   365 00000301 53                              	PUSH	EBX
   366 00000302 56                              	PUSH	ESI
   367 00000303 57                              	PUSH	EDI
   368 00000304 6A 0F                           	PUSH	15
   369 00000306 FF 75 0C                        	PUSH	DWORD [12+EBP]
   370 00000309 FF 75 08                        	PUSH	DWORD [8+EBP]
   371 0000030C E8 FFFFFE72                     	CALL	_boxfill8
   372 00000311 FF 75 F0                        	PUSH	DWORD [-16+EBP]
   373 00000314 57                              	PUSH	EDI
   374 00000315 FF 75 EC                        	PUSH	DWORD [-20+EBP]
   375 00000318 57                              	PUSH	EDI
   376 00000319 6A 0F                           	PUSH	15
   377 0000031B FF 75 0C                        	PUSH	DWORD [12+EBP]
   378 0000031E FF 75 08                        	PUSH	DWORD [8+EBP]
   379 00000321 E8 FFFFFE5D                     	CALL	_boxfill8
   380 00000326 83 C4 38                        	ADD	ESP,56
   381 00000329 FF 75 E8                        	PUSH	DWORD [-24+EBP]
   382 0000032C 53                              	PUSH	EBX
   383 0000032D FF 75 E8                        	PUSH	DWORD [-24+EBP]
   384 00000330 57                              	PUSH	EDI
   385 00000331 6A 07                           	PUSH	7
   386 00000333 FF 75 0C                        	PUSH	DWORD [12+EBP]
   387 00000336 FF 75 08                        	PUSH	DWORD [8+EBP]
   388 00000339 E8 FFFFFE45                     	CALL	_boxfill8
   389 0000033E 8B 45 0C                        	MOV	EAX,DWORD [12+EBP]
   390 00000341 FF 75 E8                        	PUSH	DWORD [-24+EBP]
   391 00000344 83 E8 03                        	SUB	EAX,3
   392 00000347 50                              	PUSH	EAX
   393 00000348 56                              	PUSH	ESI
   394 00000349 50                              	PUSH	EAX
   395 0000034A 6A 07                           	PUSH	7
   396 0000034C FF 75 0C                        	PUSH	DWORD [12+EBP]
   397 0000034F FF 75 08                        	PUSH	DWORD [8+EBP]
   398 00000352 E8 FFFFFE2C                     	CALL	_boxfill8
   399 00000357 8D 65 F4                        	LEA	ESP,DWORD [-12+EBP]
   400 0000035A 5B                              	POP	EBX
   401 0000035B 5E                              	POP	ESI
   402 0000035C 5F                              	POP	EDI
   403 0000035D 5D                              	POP	EBP
   404 0000035E C3                              	RET
   405 0000035F                                 	GLOBAL	_putfont8
   406 0000035F                                 _putfont8:
   407 0000035F 55                              	PUSH	EBP
   408 00000360 89 E5                           	MOV	EBP,ESP
   409 00000362 57                              	PUSH	EDI
   410 00000363 56                              	PUSH	ESI
   411 00000364 31 F6                           	XOR	ESI,ESI
   412 00000366 53                              	PUSH	EBX
   413 00000367 8B 7D 1C                        	MOV	EDI,DWORD [28+EBP]
   414 0000036A 8A 5D 18                        	MOV	BL,BYTE [24+EBP]
   415 0000036D                                 L43:
   416 0000036D 8B 45 14                        	MOV	EAX,DWORD [20+EBP]
   417 00000370 8B 55 10                        	MOV	EDX,DWORD [16+EBP]
   418 00000373 01 F0                           	ADD	EAX,ESI
   419 00000375 0F AF 45 0C                     	IMUL	EAX,DWORD [12+EBP]
   420 00000379 03 45 08                        	ADD	EAX,DWORD [8+EBP]
   421 0000037C 8D 0C 02                        	LEA	ECX,DWORD [EDX+EAX*1]
   422 0000037F 8A 14 3E                        	MOV	DL,BYTE [ESI+EDI*1]
   423 00000382 84 D2                           	TEST	DL,DL
   424 00000384 79 02                           	JNS	L35
   425 00000386 88 19                           	MOV	BYTE [ECX],BL
   426 00000388                                 L35:
   427 00000388 88 D0                           	MOV	AL,DL
   428 0000038A 83 E0 40                        	AND	EAX,64
   429 0000038D 84 C0                           	TEST	AL,AL
   430 0000038F 74 03                           	JE	L36
   431 00000391 88 59 01                        	MOV	BYTE [1+ECX],BL
   432 00000394                                 L36:
   433 00000394 88 D0                           	MOV	AL,DL
   434 00000396 83 E0 20                        	AND	EAX,32
   435 00000399 84 C0                           	TEST	AL,AL
   436 0000039B 74 03                           	JE	L37
   437 0000039D 88 59 02                        	MOV	BYTE [2+ECX],BL
   438 000003A0                                 L37:
   439 000003A0 88 D0                           	MOV	AL,DL
   440 000003A2 83 E0 10                        	AND	EAX,16
   441 000003A5 84 C0                           	TEST	AL,AL
   442 000003A7 74 03                           	JE	L38
   443 000003A9 88 59 03                        	MOV	BYTE [3+ECX],BL
   444 000003AC                                 L38:
   445 000003AC 88 D0                           	MOV	AL,DL
   446 000003AE 83 E0 08                        	AND	EAX,8
   447 000003B1 84 C0                           	TEST	AL,AL
   448 000003B3 74 03                           	JE	L39
   449 000003B5 88 59 04                        	MOV	BYTE [4+ECX],BL
   450 000003B8                                 L39:
   451 000003B8 88 D0                           	MOV	AL,DL
   452 000003BA 83 E0 04                        	AND	EAX,4
   453 000003BD 84 C0                           	TEST	AL,AL
   454 000003BF 74 03                           	JE	L40
   455 000003C1 88 59 05                        	MOV	BYTE [5+ECX],BL
   456 000003C4                                 L40:
   457 000003C4 88 D0                           	MOV	AL,DL
   458 000003C6 83 E0 02                        	AND	EAX,2
   459 000003C9 84 C0                           	TEST	AL,AL
   460 000003CB 74 03                           	JE	L41
   461 000003CD 88 59 06                        	MOV	BYTE [6+ECX],BL
   462 000003D0                                 L41:
   463 000003D0 83 E2 01                        	AND	EDX,1
   464 000003D3 84 D2                           	TEST	DL,DL
   465 000003D5 74 03                           	JE	L33
   466 000003D7 88 59 07                        	MOV	BYTE [7+ECX],BL
   467 000003DA                                 L33:
   468 000003DA 46                              	INC	ESI
   469 000003DB 83 FE 0F                        	CMP	ESI,15
   470 000003DE 7E 8D                           	JLE	L43
   471 000003E0 5B                              	POP	EBX
   472 000003E1 5E                              	POP	ESI
   473 000003E2 5F                              	POP	EDI
   474 000003E3 5D                              	POP	EBP
   475 000003E4 C3                              	RET
