     1 00000000                                 ; hello-os
     2 00000000                                 ; TAB=4
     3 00000000                                 
     4                                          		ORG 	0x7c00			; 指明程序的装载地址
     5 00007C00                                 		
     6 00007C00                                 ; 以下这段是标准FAT12格式软件专用的代码	
     7 00007C00                                 
     8 00007C00 EB 4E                           		JMP		entry
     9 00007C02 90                              		DB		0x90
    10 00007C03 48 45 4C 4C 4F 49 50 4C         		DB		"HELLOIPL"		; 启动扇区的名称可以是任意的字符串（8字节）
    11 00007C0B 0200                            		DW		512				; 每个扇区（sector）的大小（必须为512字节）
    12 00007C0D 01                              		DB		1				; 簇（cluster）的大小（必须为1个扇区）
    13 00007C0E 0001                            		DW		1				; FAT的起始位置（一般从第一个扇区开始）
    14 00007C10 02                              		DB		2				; FAT的个数（必须为2）
    15 00007C11 00E0                            		DW		224				; 根目录的大小（一般设成224项）
    16 00007C13 0B40                            		DW		2880			; 读磁盘的大小（必须是2880扇区）
    17 00007C15 F0                              		DB		0xf0			; 磁盘的种类（必须是0xf0）
    18 00007C16 0009                            		DW		9				; FAT的长度（必须是9扇区）
    19 00007C18 0012                            		DW		18				; 1个磁道（track）有几个扇区（必须是18）
    20 00007C1A 0002                            		DW		2				; 磁头数（必须是2）
    21 00007C1C 00000000                        		DD		0				; 不使用分区，必须为
    22 00007C20 00000B40                        		DD		2880			; 重写一次磁盘大小
    23 00007C24 00 00 29                        		DB		0,0,0x29		; 意义不明，固定
    24 00007C27 FFFFFFFF                        		DD		0xffffffff		; （可能是）卷标号码
    25 00007C2B 48 45 4C 4C 4F 2D 4F 53 20 20   		DB		"HELLO-OS   "	; 磁盘的名称（11字节）
       00007C35 20 
    26 00007C36 46 41 54 31 32 20 20 20         		DB		"FAT12   "		; 磁盘格式名称（8字节）
    27 00007C3E 00 00 00 00 00 00 00 00 00 00   		RESB	18				; 先空出18字节
       00007C48 00 00 00 00 00 00 00 00 
    28 00007C50                                 		
    29 00007C50                                 ; 程序核心
    30 00007C50                                 	
    31 00007C50                                 entry:
    32 00007C50 B8 0000                         		MOV		AX,0			; 初始化寄存器
    33 00007C53 8E D0                           		MOV		SS,AX
    34 00007C55 BC 7C00                         		MOV		SP,0x7c00
    35 00007C58 8E D8                           		MOV		DS,AX
    36 00007C5A                                 		
    37 00007C5A                                 ; 读磁盘
    38 00007C5A B8 0820                         		MOV		AX,0x0820
    39 00007C5D 8E C0                           		MOV		ES,AX
    40 00007C5F B5 00                           		MOV		CH,0
    41 00007C61 B6 00                           		MOV		DH,0
    42 00007C63 B1 02                           		MOV		CL,2
    43 00007C65                                 		
    44 00007C65 B4 02                           		MOV		AH,0X02
    45 00007C67 B0 01                           		MOV		AL,1
    46 00007C69 BB 0000                         		MOV		BX,0
    47 00007C6C B2 00                           		MOV		DL,0x00
    48 00007C6E CD 13                           		INT		0X13
    49 00007C70 72 03                           		JC		error
    50 00007C72                                 		
    51 00007C72                                 fin:
    52 00007C72 F4                              		HLT						; 让CPU停止，等待指令
    53 00007C73 EB FD                           		JMP		fin				; 无限循环
    54 00007C75                                 error:
    55 00007C75 BE 7C8A                         		MOV		SI,msg
    56 00007C78                                 putloop:
    57 00007C78 8A 04                           		MOV		AL,[SI]
    58 00007C7A 83 C6 01                        		ADD		SI,1			; 给SI加1
    59 00007C7D 3C 00                           		CMP		AL,0
    60 00007C7F 74 F1                           		JE		fin
    61 00007C81 B4 0E                           		MOV		AH,0x0e			; 显示一个文字
    62 00007C83 BB 000F                         		MOV		BX,15			; 指定字符颜色
    63 00007C86 CD 10                           		INT		0X10			; 调用显卡BIOS
    64 00007C88 EB EE                           		JMP		putloop
    65 00007C8A                                 
    66 00007C8A                                 msg:
    67 00007C8A 0A 0A                           		DB		0x0a,0x0a		; 换行两次
    68 00007C8C 68 65 6C 6C 6F 2C 77 6F 72 6C   		DB		"hello,world"
       00007C96 64 
    69 00007C97 0A                              		DB		0x0a			; 换行
    70 00007C98 00                              		DB		0
    71 00007C99 00 00 00 00 00 00 00 00 00 00   		RESB	0x7dfe-$
       00007CA3 00 00 00 00 00 00 00 00 00 00 
       00007CAD 00 00 00 00 00 00 00 00 00 00 
       00007CB7 00 00 00 00 00 00 00 00 00 00 
       00007CC1 00 00 00 00 00 00 00 00 00 00 
       00007CCB 00 00 00 00 00 00 00 00 00 00 
       00007CD5 00 00 00 00 00 00 00 00 00 00 
       00007CDF 00 00 00 00 00 00 00 00 00 00 
       00007CE9 00 00 00 00 00 00 00 00 00 00 
       00007CF3 00 00 00 00 00 00 00 00 00 00 
       00007CFD 00 00 00 00 00 00 00 00 00 00 
       00007D07 00 00 00 00 00 00 00 00 00 00 
       00007D11 00 00 00 00 00 00 00 00 00 00 
       00007D1B 00 00 00 00 00 00 00 00 00 00 
       00007D25 00 00 00 00 00 00 00 00 00 00 
       00007D2F 00 00 00 00 00 00 00 00 00 00 
       00007D39 00 00 00 00 00 00 00 00 00 00 
       00007D43 00 00 00 00 00 00 00 00 00 00 
       00007D4D 00 00 00 00 00 00 00 00 00 00 
       00007D57 00 00 00 00 00 00 00 00 00 00 
       00007D61 00 00 00 00 00 00 00 00 00 00 
       00007D6B 00 00 00 00 00 00 00 00 00 00 
       00007D75 00 00 00 00 00 00 00 00 00 00 
       00007D7F 00 00 00 00 00 00 00 00 00 00 
       00007D89 00 00 00 00 00 00 00 00 00 00 
       00007D93 00 00 00 00 00 00 00 00 00 00 
       00007D9D 00 00 00 00 00 00 00 00 00 00 
       00007DA7 00 00 00 00 00 00 00 00 00 00 
       00007DB1 00 00 00 00 00 00 00 00 00 00 
       00007DBB 00 00 00 00 00 00 00 00 00 00 
       00007DC5 00 00 00 00 00 00 00 00 00 00 
       00007DCF 00 00 00 00 00 00 00 00 00 00 
       00007DD9 00 00 00 00 00 00 00 00 00 00 
       00007DE3 00 00 00 00 00 00 00 00 00 00 
       00007DED 00 00 00 00 00 00 00 00 00 00 
       00007DF7 00 00 00 00 00 00 00 
    72 00007DFE 55 AA                           		DB		0x55,0xaa